Tue May 19 09:01:01 UTC 2020
1. Get earthquake information
Getuser: Running from crontab -- trying Logname to identify user
Getuser: ... succes - using cobs
Accessing credential file: /home/cobs/.magpycred
Connecting to server 138.22.188.195...
138.22.188.195 ... connected
Getting Austrian data
 - getting Austrian data from geoweb
Found NEIC data
UPDATE DATAINFO SET DataSamplingRate="2302.6" WHERE DataID="QUAKES"
UPDATE DATAINFO SET DataReferences="http://geoweb.zamg.ac.at/static/event/lastmonth.csv" WHERE DataID="QUAKES"
UPDATE DATAINFO SET StationID="SGO" WHERE DataID="QUAKES"
UPDATE DATAINFO SET DataFormat="NEICCSV" WHERE DataID="QUAKES"
UPDATE DATAINFO SET DataSource="Austrian Seismological Service" WHERE DataID="QUAKES"
Austrian data has been added
----------------------------
Downloading NEIC data
 - getting NEIC data from usgs
Found NEIC data
UPDATE DATAINFO SET DataSamplingRate="2302.6" WHERE DataID="QUAKES"
UPDATE DATAINFO SET DataReferences="http://geoweb.zamg.ac.at/static/event/lastmonth.csv" WHERE DataID="QUAKES"
UPDATE DATAINFO SET StationID="SGO" WHERE DataID="QUAKES"
UPDATE DATAINFO SET DataFormat="NEICCSV" WHERE DataID="QUAKES"
UPDATE DATAINFO SET DataSource="Austrian Seismological Service" WHERE DataID="QUAKES"
NEIC data has been added
----------------------------
Connecting to server 138.22.188.191...
138.22.188.191 ... connected
Getting Austrian data
UPDATE DATAINFO SET DataSamplingRate="2302.6" WHERE DataID="QUAKES"
UPDATE DATAINFO SET DataReferences="http://geoweb.zamg.ac.at/static/event/lastmonth.csv" WHERE DataID="QUAKES"
UPDATE DATAINFO SET StationID="SGO" WHERE DataID="QUAKES"
UPDATE DATAINFO SET DataFormat="NEICCSV" WHERE DataID="QUAKES"
UPDATE DATAINFO SET DataSource="Austrian Seismological Service" WHERE DataID="QUAKES"
Austrian data has been added
----------------------------
Downloading NEIC data
UPDATE DATAINFO SET DataSamplingRate="2302.6" WHERE DataID="QUAKES"
UPDATE DATAINFO SET DataReferences="http://geoweb.zamg.ac.at/static/event/lastmonth.csv" WHERE DataID="QUAKES"
UPDATE DATAINFO SET StationID="SGO" WHERE DataID="QUAKES"
UPDATE DATAINFO SET DataFormat="NEICCSV" WHERE DataID="QUAKES"
UPDATE DATAINFO SET DataSource="Austrian Seismological Service" WHERE DataID="QUAKES"
NEIC data has been added
----------------------------
{'SAGITTARIUS-FileDownload-quakes-AT': 'Austrian data added', 'SAGITTARIUS-FileDownload-quakes-NEIC': 'NEIC data added'}
Logfile /var/log/magpy/mm-fd-earthquake.log loaded
Existing: SAGITTARIUS-FileDownload-quakes-AT
Existing: SAGITTARIUS-FileDownload-quakes-NEIC
Tue May 19 09:01:07 UTC 2020
2. Send Telegram Quake Info
Getuser: Running from crontab -- trying Logname to identify user
Getuser: ... succes - using cobs
Accessing credential file: /home/cobs/.magpycred
Connecting to primary MARCOS...
success
Get a list with all recent earthquakes
Now select all relevant quakes
------------------------------
Please note:
Earthquakes in Austria (are taken from the Austrian Seismological Service
Earthquakes outside this region and magnetitude above 5.0 are taken from NEIC
Now get last record from temporary folder
No new quakes found - thats good
Tue May 19 09:01:09 UTC 2020
