Tue May 26 16:00:01 UTC 2020
1. Identify primary instrument
Getuser: Running from crontab -- trying Logname to identify user
Getuser: ... succes - using cobs
Accessing credential file: /home/cobs/.magpycred
Connecting to primary MARCOS...
('Checking ', 'LEMI036_1_0002_0002')
(86400, '2020-05-26 15:55:13.000000', '2020-05-25 15:55:14.000000')
(datetime.datetime(2020, 5, 26, 15, 55, 13), datetime.datetime(2020, 5, 25, 15, 55, 14))
Coverage OK - using LEMI036_1_0002_0002
('Checking ', 'GP20S3NSS2_012201_0001_0001')
(86400, datetime.datetime(2020, 5, 26, 15, 55, 34, 637877))
Test 1 OK: data  available and last value not null
(datetime.datetime(2020, 5, 26, 15, 55, 34, 637877), datetime.datetime(2020, 5, 25, 15, 55, 21, 660025))
Test 2 OK: correct amount of data covering the last day
Get primary -> Using Variometer LEMI036_1_0002_0002 and Scalar GP20S3NSS2_012201_0001_0001
Dumping instruments as usual in the old way...
... done
('Got', {u'magnetism': {u'primary vario': [u'LEMI036_1_0002_0002', u''], u'k-warning': [0, u''], u'QD enddate': [u'2020-05-06', u''], u'k-valid': [u'', u''], u'primary scalar': [u'GP20S3NSS2_012201_0001_0001', u'']}, u'logging': {u'seismoATdata': [u'2020-05-26 15:41', u''], u'seismoNEICdata': [u'2020-05-26 15:41', u''], u'failedupload2homepage': 316}})
Logfile /var/log/magpy/mm-dp-getprimary.log loaded
Existing: SAGITTARIUS-DataProducts-getprimary-vario
Existing: SAGITTARIUS-DataProducts-getprimary-process
Existing: SAGITTARIUS-DataProducts-getprimary-scalar
Existing: SAGITTARIUS-DataProducts-getprimary-write
Tue May 26 16:00:04 UTC 2020
2. Automatic flags
Getuser: Running from crontab -- trying Logname to identify user
Getuser: ... succes - using cobs
Accessing credential file: /home/cobs/.magpycred
Connecting to primary MARCOS...
...success
 -------------------------------------------
 Dealing with sensorgroup GSM90_6
 -------------------------------------------
0:05:00
   -> Found ['GSM90_6107631_0001_0001', 'GSM90_6107632_0001_0001']
 a) select 1 second or highest resolution data
Sensor: GSM90_6107631_0001_0001 -> Samplingrate: 3.0
Sensor: GSM90_6107632_0001_0001 -> Samplingrate: 3.0
 b) checking sampling rate of failed sensors
 c) Check for recent data
   Valid data for GSM90_6107631_0001_0001
   Valid data for GSM90_6107632_0001_0001
 d) Flagging data
   - got 2400 datapoints
   - getting existing flags for GSM90_6107631_0001
   - found 0 existing flags
  - determining new outliers
False
-------------------------
Dealing with key: f
  - new flags: 0
RESULT: found [] new flags
   - got 2400 datapoints
   - getting existing flags for GSM90_6107632_0001
   - found 1 existing flags
  - removing existing flags
    ...success
  - determining new outliers
False
-------------------------
Dealing with key: f
  - new flags: 0
RESULT: found [] new flags
 -------------------------------------------
 Dealing with sensorgroup GP20S3NSS2
 -------------------------------------------
None
   -> Found ['GP20S3NSS2_012201_0001_0001']
 a) select 1 second or highest resolution data
Sensor: GP20S3NSS2_012201_0001_0001 -> Samplingrate: 1.0
 b) checking sampling rate of failed sensors
 c) Check for recent data
   Valid data for GP20S3NSS2_012201_0001_0001
 d) Flagging data
   - got 7200 datapoints
   - getting existing flags for GP20S3NSS2_012201_0001
   - found 0 existing flags
  - determining new outliers
False
-------------------------
Dealing with key: f
  - new flags: 0
RESULT: found [] new flags
 -------------------------------------------
 Dealing with sensorgroup GSM90_14245
 -------------------------------------------
None
   -> Found ['GSM90_14245_0002_0001', 'GSM90_14245_0002_0002', 'GSM90_14245_0002_0003']
 a) select 1 second or highest resolution data
Sensor: GSM90_14245_0002_0001 -> Samplingrate: 0.2
Sensor: GSM90_14245_0002_0002 -> Samplingrate: 1.0
Sensor: GSM90_14245_0002_0003 -> Samplingrate: 0.5
 b) checking sampling rate of failed sensors
 c) Check for recent data
   Valid data for GSM90_14245_0002_0002
 d) Flagging data
   - got 7200 datapoints
   - getting existing flags for GSM90_14245_0002
   - found 3 existing flags
  - removing existing flags
    ...success
  - determining new outliers
False
-------------------------
Dealing with key: f
  - new flags: 3
RESULT: found [[datetime.datetime(2020, 5, 26, 15, 45, 38), datetime.datetime(2020, 5, 26, 15, 45, 38), 'f', 1, u'aof - threshold: 5, window: 600.0 sec', 'GSM90_14245_0002', datetime.datetime(2020, 5, 26, 16, 0, 9, 699675)], [datetime.datetime(2020, 5, 26, 15, 45, 39), datetime.datetime(2020, 5, 26, 15, 45, 39), 'f', 1, u'aof - threshold: 5, window: 600.0 sec', 'GSM90_14245_0002', datetime.datetime(2020, 5, 26, 16, 0, 9, 699675)], [datetime.datetime(2020, 5, 26, 15, 45, 40), datetime.datetime(2020, 5, 26, 15, 45, 40), 'f', 1, u'aof - threshold: 5, window: 600.0 sec', 'GSM90_14245_0002', datetime.datetime(2020, 5, 26, 16, 0, 9, 699675)]] new flags
  -- Writing flags for sensors GSM90_14245_0002_0002 to DB
  -- New flags: 3
##########################################
           Flaglist statistics            
##########################################

A) Total contents: 14895

B) Content for each ID:
Dataset: GSM90_14245_0002 	 Amount: 14895
   disturbances : 1
   sensor at other pier : 1
   diturbances from people BL : 1
   datagap BL : 1
   distrurbed RL : 1
   visitors disturbances BL : 1
   change of lamp : 1
   aof - threshold: 3.0, window: 30.0 sec : 1
   outside of range 48683.3292679 to 48679.1615759 : 1
   peter making a movie : 1
   disturbances bl : 1
   working Roman bl : 1
   seems to be disturbed : 1
   sensor on different pier : 1
   changing lamp : 1
   offset -2nT : 1
   absolute measurments BL : 1
   RL offset due to disturbance near sensor : 1
   unknown disturbance : 1
   test measurements bl : 1
   offset due to firebrigade training : 1
   electroinstallation work : 1
   disturbance in absolute tunnel : 1
   dF experiment : 1
   gyro measurement on A5 : 1
   pier A9 : 1
   pier A2 : 1
   restart of system : 1
   repair of AutoDIF : 1
   Ok BL : 1
   Data gap BL : 2
   tool case close to sensor : 2
   Feuertwehr-Uebung : 2
   disturbances woodwork  BL : 2
   car passing : 2
   disturbance near sensor : 2
   outlier RL : 2
   aof - threshold 3.0 window 600.0 sec : 2
   identified outliers : 2
   Feuerwehr_bung : 2
   disturbances from people BL : 2
   tests in absolute tunnel : 2
   outlierbl : 2
   no measurement : 2
   person passing : 2
   tests in asbolute tunnel : 2
   spikebl : 3
   human disurbances : 3
   mike passing for supergrad repair : 3
   car passing RL : 3
   magnetic cart in absolute tunnel : 3
   xxx : 3
   unknown reason BL : 3
   offset bl : 3
   deltaF experiments : 3
   magnetic disturbance in tunnel : 3
   aof - threshold: 6.0, window: 120.0 sec : 3
   GSM disturbance test : 4
   absolut Measurments BL : 4
   car above sensor : 4
   magnetic disturbance : 4
   Feuerwehrbung : 5
   disturbance maintenance BL : 5
   visitors : 5
   no data and passing by : 6
   disturbances BL : 6
   working close to sensor : 6
   start woodworks BL : 6
   known disturbance film : 7
   person passing outside : 7
   disturbances woodworke BL : 7
   spikeoffset bl : 7
   offset BL : 7
   spike Bl : 7
   disturbed RL : 7
   works close to sensor : 8
   unkown disturbance BL : 8
   OK BL : 9
   offset RL : 9
   GSM holder changed : 9
   lightnings BL : 9
   aof - threshold 3.0 window 60.0 sec : 9
   spikes and car : 11
   caused by public relation : 12
   Offset BL : 12
   disturbances by people BL : 12
   known disturbance film BL : 14
   disturbance RL : 14
   works close to sensor bl : 14
   work on lamps : 15
   disturbances in absolute tunnel : 15
   disturbances maintenance BL : 15
   aof - threshold: 4.0, window: 300.0 sec : 15
   AutoDIF repair : 19
   work close to sensor bl : 20
   unknown disturbance BL : 21
   repair work at the north door BL : 21
   no data RL : 21
   repair work at the north door : 23
   spikes and reinstall : 23
   thunderstorm : 24
   iwf : 34
   aof - threshold 4.0 window 600.0 sec : 34
   lightning RL : 35
   offset : 55
   repair of lamp : 57
   IWF measurements : 59
   spikes BL : 75
   aof - threshold 6.0 window 600.0 sec : 77
   aof - threshold: 5.0, window: 120.0 sec : 77
   disturbance : 80
   aof - threshold: 3.0, window: 120.0 sec : 87
   aof - threshold 3.0 window 30.0 sec : 92
   aof - threshold: 3.0, window: 300.0 sec : 92
   no data : 98
   lightning : 100
   aof - threshold: 5.0, window: 600.0 sec : 109
   aof - threshold: 5.0, window: 100.0 sec : 122
   spikes and wood work : 139
   lightning BL : 164
   spike thunderstorm and installation : 177
   iwf installation : 256
   spike RL : 289
   spikes : 295
   spike bl : 367
   aof - threshold: 4.0, window: 600.0 sec : 368
   aof - threshold: 5.0, window: 60.0 sec : 372
   disturbed : 428
   aof - threshold: 3.0, window: 600.0 sec : 431
   aof - threshold: 2.0, window: 600.0 sec : 526
   aof - threshold: 5, window: 36000.0 sec : 607
   spike : 751
   aof - threshold: 3.0, window: 60.0 sec : 803
   aof - threshold 5 window 600.0 sec : 823
   Unkown reason : 861
   aof - threshold: 5, window: 600.0 sec : 1573
   aof - threshold: 6.0, window: 600.0 sec : 1751
   spike BL : 2050

##########################################
           Flaglist statistics            
##########################################

A) Total contents: 14898

B) Content for each ID:
Dataset: GSM90_14245_0002 	 Amount: 14898
   disturbances : 1
   sensor at other pier : 1
   diturbances from people BL : 1
   datagap BL : 1
   distrurbed RL : 1
   visitors disturbances BL : 1
   change of lamp : 1
   aof - threshold: 3.0, window: 30.0 sec : 1
   outside of range 48683.3292679 to 48679.1615759 : 1
   peter making a movie : 1
   disturbances bl : 1
   working Roman bl : 1
   seems to be disturbed : 1
   sensor on different pier : 1
   changing lamp : 1
   offset -2nT : 1
   absolute measurments BL : 1
   RL offset due to disturbance near sensor : 1
   unknown disturbance : 1
   test measurements bl : 1
   offset due to firebrigade training : 1
   electroinstallation work : 1
   disturbance in absolute tunnel : 1
   dF experiment : 1
   gyro measurement on A5 : 1
   pier A9 : 1
   pier A2 : 1
   restart of system : 1
   repair of AutoDIF : 1
   Ok BL : 1
   Data gap BL : 2
   tool case close to sensor : 2
   Feuertwehr-Uebung : 2
   disturbances woodwork  BL : 2
   car passing : 2
   disturbance near sensor : 2
   outlier RL : 2
   aof - threshold 3.0 window 600.0 sec : 2
   identified outliers : 2
   Feuerwehr_bung : 2
   disturbances from people BL : 2
   tests in absolute tunnel : 2
   outlierbl : 2
   no measurement : 2
   person passing : 2
   tests in asbolute tunnel : 2
   spikebl : 3
   human disurbances : 3
   mike passing for supergrad repair : 3
   car passing RL : 3
   magnetic cart in absolute tunnel : 3
   xxx : 3
   unknown reason BL : 3
   offset bl : 3
   deltaF experiments : 3
   magnetic disturbance in tunnel : 3
   aof - threshold: 6.0, window: 120.0 sec : 3
   GSM disturbance test : 4
   absolut Measurments BL : 4
   car above sensor : 4
   magnetic disturbance : 4
   Feuerwehrbung : 5
   disturbance maintenance BL : 5
   visitors : 5
   no data and passing by : 6
   disturbances BL : 6
   working close to sensor : 6
   start woodworks BL : 6
   known disturbance film : 7
   person passing outside : 7
   disturbances woodworke BL : 7
   spikeoffset bl : 7
   offset BL : 7
   spike Bl : 7
   disturbed RL : 7
   works close to sensor : 8
   unkown disturbance BL : 8
   OK BL : 9
   offset RL : 9
   GSM holder changed : 9
   lightnings BL : 9
   aof - threshold 3.0 window 60.0 sec : 9
   spikes and car : 11
   caused by public relation : 12
   Offset BL : 12
   disturbances by people BL : 12
   known disturbance film BL : 14
   disturbance RL : 14
   works close to sensor bl : 14
   work on lamps : 15
   disturbances in absolute tunnel : 15
   disturbances maintenance BL : 15
   aof - threshold: 4.0, window: 300.0 sec : 15
   AutoDIF repair : 19
   work close to sensor bl : 20
   unknown disturbance BL : 21
   repair work at the north door BL : 21
   no data RL : 21
   repair work at the north door : 23
   spikes and reinstall : 23
   thunderstorm : 24
   iwf : 34
   aof - threshold 4.0 window 600.0 sec : 34
   lightning RL : 35
   offset : 55
   repair of lamp : 57
   IWF measurements : 59
   spikes BL : 75
   aof - threshold 6.0 window 600.0 sec : 77
   aof - threshold: 5.0, window: 120.0 sec : 77
   disturbance : 80
   aof - threshold: 3.0, window: 120.0 sec : 87
   aof - threshold 3.0 window 30.0 sec : 92
   aof - threshold: 3.0, window: 300.0 sec : 92
   no data : 98
   lightning : 100
   aof - threshold: 5.0, window: 600.0 sec : 109
   aof - threshold: 5.0, window: 100.0 sec : 122
   spikes and wood work : 139
   lightning BL : 164
   spike thunderstorm and installation : 177
   iwf installation : 256
   spike RL : 289
   spikes : 295
   spike bl : 367
   aof - threshold: 4.0, window: 600.0 sec : 368
   aof - threshold: 5.0, window: 60.0 sec : 372
   disturbed : 428
   aof - threshold: 3.0, window: 600.0 sec : 431
   aof - threshold: 2.0, window: 600.0 sec : 526
   aof - threshold: 5, window: 36000.0 sec : 607
   spike : 751
   aof - threshold: 3.0, window: 60.0 sec : 803
   aof - threshold 5 window 600.0 sec : 823
   Unkown reason : 861
   aof - threshold: 5, window: 600.0 sec : 1576
   aof - threshold: 6.0, window: 600.0 sec : 1751
   spike BL : 2050

 -------------------------------------------
 Dealing with sensorgroup FGE
 -------------------------------------------
None
   -> Found ['FGE_S0252_0001_0001']
 a) select 1 second or highest resolution data
Sensor: FGE_S0252_0001_0001 -> Samplingrate: 1.0
 b) checking sampling rate of failed sensors
 c) Check for recent data
 d) Flagging data
 -------------------------------------------
 Dealing with sensorgroup LEMI025
 -------------------------------------------
None
   -> Found ['LEMI025_22_0002_0001', 'LEMI025_22_0002_0002', 'LEMI025_22_0003_0001', 'LEMI025_22_0003_0002', 'LEMI025_1_0001_0001', 'LEMI025_1_0001_0002', 'LEMI025_28_0002_0001', 'LEMI025_28_0002_0002', 'LEMI025_28_0002_0003', 'LEMI025_28_0002_0004', 'LEMI025_28_0002_0005']
 a) select 1 second or highest resolution data
Sensor: LEMI025_22_0002_0001 -> Samplingrate: 0.1
Sensor: LEMI025_22_0002_0002 -> Samplingrate: 1.0
Sensor: LEMI025_22_0003_0001 -> Samplingrate: 0.1
Sensor: LEMI025_22_0003_0002 -> Samplingrate: 1.0
Sensor: LEMI025_1_0001_0001 -> Samplingrate: 0.1
Sensor: LEMI025_1_0001_0002 -> Samplingrate: 1.0
Sensor: LEMI025_28_0002_0001 -> Samplingrate: 0.1
Sensor: LEMI025_28_0002_0002 -> Samplingrate: 1.0
Sensor: LEMI025_28_0002_0003 -> Samplingrate: 0.1
Sensor: LEMI025_28_0002_0004 -> Samplingrate: 0.1
Sensor: LEMI025_28_0002_0005 -> Samplingrate: 0.1
 b) checking sampling rate of failed sensors
 c) Check for recent data
   Valid data for LEMI025_22_0003_0002
 d) Flagging data
   - got 7200 datapoints
   - getting existing flags for LEMI025_22_0003
   - found 0 existing flags
  - determining new outliers
True
-------------------------
Dealing with key: x
-------------------------
Dealing with key: y
-------------------------
Dealing with key: z
  - new flags: 0
RESULT: found [] new flags
 -------------------------------------------
 Dealing with sensorgroup LEMI036
 -------------------------------------------
None
   -> Found ['LEMI036_1_0002_0001', 'LEMI036_1_0002_0002', 'LEMI036_3_0001_0001', 'LEMI036_3_0001_0002']
 a) select 1 second or highest resolution data
Sensor: LEMI036_1_0002_0001 -> Samplingrate: 0.1
Sensor: LEMI036_1_0002_0002 -> Samplingrate: 1.0
Sensor: LEMI036_3_0001_0001 -> Samplingrate: 0.1
Sensor: LEMI036_3_0001_0002 -> Samplingrate: 1.0
 b) checking sampling rate of failed sensors
 c) Check for recent data
   Valid data for LEMI036_1_0002_0002
   Valid data for LEMI036_3_0001_0002
 d) Flagging data
   - got 7200 datapoints
   - getting existing flags for LEMI036_1_0002
   - found 0 existing flags
  - determining new outliers
True
-------------------------
Dealing with key: x
-------------------------
Dealing with key: y
-------------------------
Dealing with key: z
  - new flags: 0
RESULT: found [] new flags
   - got 7200 datapoints
   - getting existing flags for LEMI036_3_0001
   - found 0 existing flags
  - determining new outliers
True
-------------------------
Dealing with key: x
-------------------------
Dealing with key: y
-------------------------
Dealing with key: z
  - new flags: 0
RESULT: found [] new flags
 -------------------------------------------
 Dealing with sensorgroup POS1
 -------------------------------------------
0:01:40
   -> Found ['POS1_N432_0001_0001', 'POS1_N456_0001_0001']
 a) select 1 second or highest resolution data
Sensor: POS1_N432_0001_0001 -> Samplingrate: 5.0
Sensor: POS1_N456_0001_0001 -> Samplingrate: 5.0
 b) checking sampling rate of failed sensors
 c) Check for recent data
 d) Flagging data
 -------------------------------------------
 Dealing with sensorgroup BM35
 -------------------------------------------
None
   -> Found ['BM35_033_0001_0001', 'BM35_033_0001_0002', 'BM35_029_0001_0001', 'BM35_029_0001_0002']
 a) select 1 second or highest resolution data
Sensor: BM35_033_0001_0001 -> Samplingrate: 0.488
Sensor: BM35_033_0001_0002 -> Samplingrate: 1.0
Sensor: BM35_029_0001_0001 -> Samplingrate: 0.498
Sensor: BM35_029_0001_0002 -> Samplingrate: 1.0
 b) checking sampling rate of failed sensors
 c) Check for recent data
   Valid data for BM35_029_0001_0002
 d) Flagging data
   - got 7200 datapoints
   - getting existing flags for BM35_029_0001
   - found 0 existing flags
  - flagging data below lower limit
  - flagging data above higher limit
RESULT: found [] new flags
 -------------------------------------------
 Dealing with sensorgroup GSM90_3
 -------------------------------------------
0:05:00
   -> Found ['GSM90_31968_0002_0001']
 a) select 1 second or highest resolution data