Fri May 29 02:15:01 UTC 2020
1. Gamma
/home/cobs/anaconda2/lib/python2.7/site-packages/matplotlib/__init__.py:1357: UserWarning:  This call to matplotlib.use() has no effect
because the backend has already been chosen;
matplotlib.use() must be called *before* pylab, matplotlib.pyplot,
or matplotlib.backends is imported for the first time.

  warnings.warn(_use_error_msg)
/home/cobs/anaconda2/lib/python2.7/site-packages/numpy/lib/polynomial.py:606: RuntimeWarning: divide by zero encountered in true_divide
  fac = resids / (len(x) - order - 2.0)
('SELECTED for plotting:', [417760])
('E:', [662, 1120, 1460, 1764, 609])
('Isotops:', ["'^{137}Cs'", "'^{214}Bi'", "'^{40}Ka'", "'^{214}Bi'", "'^{214}Bi'"])
('Colors:', ['blue', 'orange', 'green', 'orange', 'brown'])
('Intervals:', [0, 1, 2, 3, 7, 15, 49, 77, 90, 109, 156, 204, 280, 362, 420, 449, 518, 548, 628, 666, 730])
('Rois:', [183, 305, 393, 473, [305, 598]])
limit filerange by starttime and endtime
# -------------------------------------------------------------------------
# A. Main prog
# -------------------------------------------------------------------------
# Cycling through all spectrograms
[[441830, 13701], [441847, 13702], [441818, 13900], [441819, 13901], [441820, 13902], [441821, 13903], [441822, 13904], [441823, 13905], [441824, 13906], [441825, 13907], [441826, 13908], [441827, 13909], [441828, 13910], [441829, 13911], [441831, 13912], [441832, 13913], [441833, 13914], [441834, 13915], [441835, 13916], [441836, 13917], [441837, 13918], [441838, 13919], [441839, 13920], [441840, 13921], [441841, 13922], [441842, 13923], [441843, 13924], [441844, 13925], [441845, 13926], [441846, 13927], [441848, 13928], [441849, 13929], [441850, 13930], [441851, 13931], [441852, 13932], [441853, 13933], [441854, 13934], [441855, 13935], [441856, 13936], [441857, 13937], [441858, 13938], [441859, 13939], [441860, 13940], [441861, 13941], [441862, 13942], [441863, 13943], [441864, 13944]]
# -------------------------------------------------------------------------
 - Analyzing Spectral_441830.Chn
# -------------------------------------------------------------------------
# -------------------------------------------------------------------------
 - Analysis of spectrum
##################################################
# SINGLESPECANALYSIS
# #########################################################################
# 1. Definitions
# #########################################################################
[183, 305, 393, 473, [305, 598]]
[662, 1120, 1460, 1764, 609]
# #########################################################################
# 2. Compton/Background treatment
# #########################################################################
 - BACKGROUND not defined -> using comptoncorr method
# #########################################################################
# 3. Identification of peak position (channel) in each ROI
# #########################################################################
  - ROI: 183 -> Peak identified at 179.571428571
  - ROI: 305 -> Peak identified at 298.338289963
  - ROI: 393 -> Peak identified at 384.828080229
  - ROI: 473 -> Peak identified at 462.332518337
# #########################################################################
# 4. Energy calibration
# #########################################################################
 - Running energycalib method
 - energycalib: determination of fits
 - energycalib: done
 - done
# -------------------------------------------------------------------------
 - Extracting energy levels
# -------------------------------------------------------------------------
 - Analyzing Spectral_441847.Chn
# -------------------------------------------------------------------------
# -------------------------------------------------------------------------
 - Analysis of spectrum
##################################################
# SINGLESPECANALYSIS
# #########################################################################
# 1. Definitions
# #########################################################################
[183, 305, 393, 473, [305, 598]]
[662, 1120, 1460, 1764, 609]
# #########################################################################
# 2. Compton/Background treatment
# #########################################################################
 - BACKGROUND not defined -> using comptoncorr method
# #########################################################################
# 3. Identification of peak position (channel) in each ROI
# #########################################################################
  - ROI: 183 -> Peak identified at 179.238095238
  - ROI: 305 -> Peak identified at 298.498141264
  - ROI: 393 -> Peak identified at 384.541547278
  - ROI: 473 -> Peak identified at 462.701711491
# #########################################################################
# 4. Energy calibration
# #########################################################################
 - Running energycalib method
 - energycalib: determination of fits
 - energycalib: done
 - done
# -------------------------------------------------------------------------
 - Extracting energy levels
# -------------------------------------------------------------------------
 - Analyzing Spectral_441818.Chn
# -------------------------------------------------------------------------
# -------------------------------------------------------------------------
 - Analysis of spectrum
##################################################
# SINGLESPECANALYSIS
# #########################################################################
# 1. Definitions
# #########################################################################
[183, 305, 393, 473, [305, 598]]
[662, 1120, 1460, 1764, 609]
# #########################################################################
# 2. Compton/Background treatment
# #########################################################################
 - BACKGROUND not defined -> using comptoncorr method
# #########################################################################
# 3. Identification of peak position (channel) in each ROI
# #########################################################################
  - ROI: 183 -> Peak identified at 180.238095238
  - ROI: 305 -> Peak identified at 298.721189591
  - ROI: 393 -> Peak identified at 386.484240688
  - ROI: 473 -> Peak identified at 463.048899756
# #########################################################################
# 4. Energy calibration
# #########################################################################
 - Running energycalib method
 - energycalib: determination of fits
 - energycalib: done
 - done
# -------------------------------------------------------------------------
 - Extracting energy levels
# -------------------------------------------------------------------------
 - Analyzing Spectral_441819.Chn
# -------------------------------------------------------------------------
# -------------------------------------------------------------------------
 - Analysis of spectrum
##################################################
# SINGLESPECANALYSIS
# #########################################################################
# 1. Definitions
# #########################################################################
[183, 305, 393, 473, [305, 598]]
[662, 1120, 1460, 1764, 609]
# #########################################################################
# 2. Compton/Background treatment
# #########################################################################
 - BACKGROUND not defined -> using comptoncorr method
# #########################################################################
# 3. Identification of peak position (channel) in each ROI
# #########################################################################
  - ROI: 183 -> Peak identified at 180.047619048
  - ROI: 305 -> Peak identified at 301.307958478
  - ROI: 393 -> Peak identified at 385.756446991
  - ROI: 473 -> Peak identified at 464.256723716
# #########################################################################
# 4. Energy calibration
# #########################################################################
 - Running energycalib method
 - energycalib: determination of fits
 - energycalib: done
 - done
# -------------------------------------------------------------------------
 - Extracting energy levels
# -------------------------------------------------------------------------
 - Analyzing Spectral_441820.Chn
# -------------------------------------------------------------------------
# -------------------------------------------------------------------------
 - Analysis of spectrum
##################################################
# SINGLESPECANALYSIS
# #########################################################################
# 1. Definitions
# #########################################################################
[183, 305, 393, 473, [305, 598]]
[662, 1120, 1460, 1764, 609]
# #########################################################################
# 2. Compton/Background treatment
# #########################################################################
 - BACKGROUND not defined -> using comptoncorr method
# #########################################################################
# 3. Identification of peak position (channel) in each ROI
# #########################################################################
  - ROI: 183 -> Peak identified at 180.047619048
  - ROI: 305 -> Peak identified at 299.207612457
  - ROI: 393 -> Peak identified at 385.535816619
  - ROI: 473 -> Peak identified at 462.995110024
# #########################################################################
# 4. Energy calibration
# #########################################################################
 - Running energycalib method
 - energycalib: determination of fits
 - energycalib: done
 - done
# -------------------------------------------------------------------------
 - Extracting energy levels
# -------------------------------------------------------------------------
 - Analyzing Spectral_441821.Chn
# -------------------------------------------------------------------------
# -------------------------------------------------------------------------
 - Analysis of spectrum
##################################################
# SINGLESPECANALYSIS
# #########################################################################
# 1. Definitions
# #########################################################################
[183, 305, 393, 473, [305, 598]]
[662, 1120, 1460, 1764, 609]
# #########################################################################
# 2. Compton/Background treatment
# #########################################################################
 - BACKGROUND not defined -> using comptoncorr method
# #########################################################################
# 3. Identification of peak position (channel) in each ROI
# #########################################################################
  - ROI: 183 -> Peak identified at 179.857142857
  - ROI: 305 -> Peak identified at 300.17472119
  - ROI: 393 -> Peak identified at 385.87965616
  - ROI: 473 -> Peak identified at 463.310513447
# #########################################################################
# 4. Energy calibration
# #########################################################################
 - Running energycalib method
 - energycalib: determination of fits
 - energycalib: done
 - done
# -------------------------------------------------------------------------
 - Extracting energy levels
# -------------------------------------------------------------------------
 - Analyzing Spectral_441822.Chn
# -------------------------------------------------------------------------
# -------------------------------------------------------------------------
 - Analysis of spectrum
##################################################
# SINGLESPECANALYSIS
# #########################################################################
# 1. Definitions
# #########################################################################
[183, 305, 393, 473, [305, 598]]
[662, 1120, 1460, 1764, 609]
# #########################################################################
# 2. Compton/Background treatment
# #########################################################################
 - BACKGROUND not defined -> using comptoncorr method
# #########################################################################
# 3. Identification of peak position (channel) in each ROI
# #########################################################################
  - ROI: 183 -> Peak identified at 180.571428571
  - ROI: 305 -> Peak identified at 300.435986159
  - ROI: 393 -> Peak identified at 387.361031519
  - ROI: 473 -> Peak identified at 465.711491443
# #########################################################################
# 4. Energy calibration
# #########################################################################
 - Running energycalib method
 - energycalib: determination of fits
 - energycalib: done
 - done
# -------------------------------------------------------------------------
 - Extracting energy levels
# -------------------------------------------------------------------------
 - Analyzing Spectral_441823.Chn
# -------------------------------------------------------------------------
# -------------------------------------------------------------------------
 - Analysis of spectrum
##################################################
# SINGLESPECANALYSIS
# #########################################################################
# 1. Definitions
# #########################################################################
[183, 305, 393, 473, [305, 598]]
[662, 1120, 1460, 1764, 609]
# #########################################################################
# 2. Compton/Background treatment
# #########################################################################
 - BACKGROUND not defined -> using comptoncorr method
# #########################################################################
# 3. Identification of peak position (channel) in each ROI
# #########################################################################
  - ROI: 183 -> Peak identified at 180.571428571
  - ROI: 305 -> Peak identified at 301.01384083
  - ROI: 393 -> Peak identified at 386.853868195
  - ROI: 473 -> Peak identified at 463.083129584
# #########################################################################
# 4. Energy calibration
# #########################################################################
 - Running energycalib method
 - energycalib: determination of fits
 - energycalib: done
##################################################
# SINGLESPECANALYSIS
# #########################################################################
# 1. Definitions
# #########################################################################
[183, 305, 393, 473, [305, 598]]
[662, 1120, 1460, 1764, 609]
# #########################################################################
# 2. Compton/Background treatment
# #########################################################################
 - BACKGROUND not defined -> using comptoncorr method
# #########################################################################
# 3. Identification of peak position (channel) in each ROI
# #########################################################################
  - ROI: 183 -> Peak identified at 180.571428571
  - ROI: 305 -> Peak identified at 301.01384083
  - ROI: 393 -> Peak identified at 386.853868195
  - ROI: 473 -> Peak identified at 463.083129584
# #########################################################################
# 4. Energy calibration
# #########################################################################
 - Running energycalib method
 - energycalib: determination of fits
 - energycalib: done
----------------------------
Failed analysis for /srv/projects/gamma/gamma2020/raw/Spectral_441823.Chn!
# -------------------------------------------------------------------------
 - Analyzing Spectral_441824.Chn
# -------------------------------------------------------------------------
# -------------------------------------------------------------------------
 - Analysis of spectrum
##################################################
# SINGLESPECANALYSIS
# #########################################################################
# 1. Definitions
# #########################################################################
[183, 305, 393, 473, [305, 598]]
[662, 1120, 1460, 1764, 609]
# #########################################################################
# 2. Compton/Background treatment
# #########################################################################
 - BACKGROUND not defined -> using comptoncorr method
# #########################################################################
# 3. Identification of peak position (channel) in each ROI
# #########################################################################
  - ROI: 183 -> Peak identified at 180.142857143
  - ROI: 305 -> Peak identified at 299.238754325
  - ROI: 393 -> Peak identified at 386.126074499
  - ROI: 473 -> Peak identified at 461.496332518
# #########################################################################
# 4. Energy calibration
# #########################################################################
 - Running energycalib method
 - energycalib: determination of fits
 - energycalib: done
 - done
# -------------------------------------------------------------------------
 - Extracting energy levels
# -------------------------------------------------------------------------
 - Analyzing Spectral_441825.Chn
# -------------------------------------------------------------------------
# -------------------------------------------------------------------------
 - Analysis of spectrum
##################################################
# SINGLESPECANALYSIS
# #########################################################################
# 1. Definitions
# #########################################################################
[183, 305, 393, 473, [305, 598]]
[662, 1120, 1460, 1764, 609]
# #########################################################################
# 2. Compton/Background treatment
# #########################################################################
 - BACKGROUND not defined -> using comptoncorr method
# #########################################################################
# 3. Identification of peak position (channel) in each ROI
# #########################################################################
  - ROI: 183 -> Peak identified at 179.619047619
  - ROI: 305 -> Peak identified at 300.242214533
  - ROI: 393 -> Peak identified at 385.269340974
  - ROI: 473 -> Peak identified at 461.354523227
# #########################################################################
# 4. Energy calibration
# #########################################################################
 - Running energycalib method
 - energycalib: determination of fits
 - energycalib: done
##################################################
# SINGLESPECANALYSIS
# #########################################################################
# 1. Definitions
# #########################################################################
[183, 305, 393, 473, [305, 598]]
[662, 1120, 1460, 1764, 609]
# #########################################################################
# 2. Compton/Background treatment
# #########################################################################
 - BACKGROUND not defined -> using comptoncorr method
# #########################################################################
# 3. Identification of peak position (channel) in each ROI
# #########################################################################
  - ROI: 183 -> Peak identified at 179.619047619
  - ROI: 305 -> Peak identified at 300.242214533
  - ROI: 393 -> Peak identified at 385.269340974
  - ROI: 473 -> Peak identified at 461.354523227
# #########################################################################
# 4. Energy calibration
# #########################################################################
 - Running energycalib method
 - energycalib: determination of fits
 - energycalib: done
----------------------------
Failed analysis for /srv/projects/gamma/gamma2020/raw/Spectral_441825.Chn!
# -------------------------------------------------------------------------
 - Analyzing Spectral_441826.Chn
# -------------------------------------------------------------------------
# -------------------------------------------------------------------------
 - Analysis of spectrum
##################################################
# SINGLESPECANALYSIS
# #########################################################################
# 1. Definitions
# #########################################################################
[183, 305, 393, 473, [305, 598]]
[662, 1120, 1460, 1764, 609]
# #########################################################################
# 2. Compton/Background treatment
# #########################################################################
 - BACKGROUND not defined -> using comptoncorr method
# #########################################################################
# 3. Identification of peak position (channel) in each ROI
# #########################################################################
  - ROI: 183 -> Peak identified at 179.380952381
  - ROI: 305 -> Peak identified at 298.178438662
  - ROI: 393 -> Peak identified at 384.730659026
  - ROI: 473 -> Peak identified at 462.364303178
# #########################################################################
# 4. Energy calibration
# #########################################################################
 - Running energycalib method
 - energycalib: determination of fits
 - energycalib: done
 - done
# -------------------------------------------------------------------------
 - Extracting energy levels
# -------------------------------------------------------------------------
 - Analyzing Spectral_441827.Chn
# -------------------------------------------------------------------------
# -------------------------------------------------------------------------
 - Analysis of spectrum
##################################################
# SINGLESPECANALYSIS
# #########################################################################
# 1. Definitions
# #########################################################################
[183, 305, 393, 473, [305, 598]]
[662, 1120, 1460, 1764, 609]
# #########################################################################
# 2. Compton/Background treatment
# #########################################################################
 - BACKGROUND not defined -> using comptoncorr method
# #########################################################################
# 3. Identification of peak position (channel) in each ROI
# #########################################################################
  - ROI: 183 -> Peak identified at 179.142857143
  - ROI: 305 -> Peak identified at 298.371747212
  - ROI: 393 -> Peak identified at 384.171919771
  - ROI: 473 -> Peak identified at 462.5599022
# #########################################################################
# 4. Energy calibration
# #########################################################################
 - Running energycalib method
 - energycalib: determination of fits
 - energycalib: done
 - done
# -------------------------------------------------------------------------
 - Extracting energy levels
# -------------------------------------------------------------------------
 - Analyzing Spectral_441828.Chn
# -------------------------------------------------------------------------
# -------------------------------------------------------------------------
 - Analysis of spectrum
##################################################
# SINGLESPECANALYSIS
# #########################################################################
# 1. Definitions
# #########################################################################
[183, 305, 393, 473, [305, 598]]
[662, 1120, 1460, 1764, 609]
# #########################################################################
# 2. Compton/Background treatment
# #########################################################################
 - BACKGROUND not defined -> using comptoncorr method
# #########################################################################
# 3. Identification of peak position (channel) in each ROI
# #########################################################################
  - ROI: 183 -> Peak identified at 179.238095238
  - ROI: 305 -> Peak identified at 297.951672862
  - ROI: 393 -> Peak identified at 384.315186246
  - ROI: 473 -> Peak identified at 461.745721271
# #########################################################################
# 4. Energy calibration
# #########################################################################
 - Running energycalib method
 - energycalib: determination of fits
 - energycalib: done
 - done
# -------------------------------------------------------------------------
 - Extracting energy levels
# -------------------------------------------------------------------------
 - Analyzing Spectral_441829.Chn
# -------------------------------------------------------------------------
# -------------------------------------------------------------------------
 - Analysis of spectrum
##################################################
# SINGLESPECANALYSIS
# #########################################################################
# 1. Definitions
# #########################################################################
[183, 305, 393, 473, [305, 598]]
[662, 1120, 1460, 1764, 609]
# #########################################################################
# 2. Compton/Background treatment
# #########################################################################
 - BACKGROUND not defined -> using comptoncorr method
# #########################################################################
# 3. Identification of peak position (channel) in each ROI
# #########################################################################
  - ROI: 183 -> Peak identified at 179.380952381
  - ROI: 305 -> Peak identified at 298.788927336
  - ROI: 393 -> Peak identified at 384.659025788
  - ROI: 473 -> Peak identified at 461.897310513
# #########################################################################
# 4. Energy calibration
# #########################################################################
 - Running energycalib method
 - energycalib: determination of fits
 - energycalib: done
 - done
# -------------------------------------------------------------------------
 - Extracting energy levels
# -------------------------------------------------------------------------
 - Analyzing Spectral_441831.Chn
# -------------------------------------------------------------------------
# -------------------------------------------------------------------------
 - Analysis of spectrum
##################################################
# SINGLESPECANALYSIS
# #########################################################################
# 1. Definitions
# #########################################################################
[183, 305, 393, 473, [305, 598]]
[662, 1120, 1460, 1764, 609]
# #########################################################################
# 2. Compton/Background treatment
# #########################################################################
 - BACKGROUND not defined -> using comptoncorr method
# #########################################################################
# 3. Identification of peak position (channel) in each ROI
# #########################################################################
  - ROI: 183 -> Peak identified at 179.666666667
  - ROI: 305 -> Peak identified at 297.366782007
  - ROI: 393 -> Peak identified at 385.217765043
  - ROI: 473 -> Peak identified at 462.310513447
# #########################################################################
# 4. Energy calibration
# #########################################################################
 - Running energycalib method
 - energycalib: determination of fits
 - energycalib: done
 - done
# -------------------------------------------------------------------------
 - Extracting energy levels
# -------------------------------------------------------------------------
 - Analyzing Spectral_441832.Chn
# -------------------------------------------------------------------------
# -------------------------------------------------------------------------
 - Analysis of spectrum
##################################################
# SINGLESPECANALYSIS
# #########################################################################
# 1. Definitions
# #########################################################################
[183, 305, 393, 473, [305, 598]]
[662, 1120, 1460, 1764, 609]
# #########################################################################
# 2. Compton/Background treatment
# #########################################################################
 - BACKGROUND not defined -> using comptoncorr method
# #########################################################################
# 3. Identification of peak position (channel) in each ROI
# #########################################################################
  - ROI: 183 -> Peak identified at 179.761904762
  - ROI: 305 -> Peak identified at 299.044982699
  - ROI: 393 -> Peak identified at 385.464183381
  - ROI: 473 -> Peak identified at 463.657701711
# #########################################################################
# 4. Energy calibration
# #########################################################################
 - Running energycalib method
 - energycalib: determination of fits
 - energycalib: done
 - done
# -------------------------------------------------------------------------
 - Extracting energy levels
# -------------------------------------------------------------------------
 - Analyzing Spectral_441833.Chn
# -------------------------------------------------------------------------
# -------------------------------------------------------------------------
 - Analysis of spectrum
##################################################
# SINGLESPECANALYSIS
# #########################################################################
# 1. Definitions
# #########################################################################
[183, 305, 393, 473, [305, 598]]
[662, 1120, 1460, 1764, 609]
# #########################################################################
# 2. Compton/Background treatment
# #########################################################################
 - BACKGROUND not defined -> using comptoncorr method
# #########################################################################
# 3. Identification of peak position (channel) in each ROI
# #########################################################################
  - ROI: 183 -> Peak identified at 179.857142857
  - ROI: 305 -> Peak identified at 298.078066914
  - ROI: 393 -> Peak identified at 385.782234957
  - ROI: 473 -> Peak identified at 463.657701711
# #########################################################################
# 4. Energy calibration
# #########################################################################
 - Running energycalib method
 - energycalib: determination of fits
 - energycalib: done
 - done
# -------------------------------------------------------------------------
 - Extracting energy levels
# -------------------------------------------------------------------------
 - Analyzing Spectral_441834.Chn
# -------------------------------------------------------------------------
# -------------------------------------------------------------------------
 - Analysis of spectrum
##################################################
# SINGLESPECANALYSIS
# #########################################################################
# 1. Definitions
# #########################################################################
[183, 305, 393, 473, [305, 598]]
[662, 1120, 1460, 1764, 609]
# #########################################################################
# 2. Compton/Background treatment
# #########################################################################
 - BACKGROUND not defined -> using comptoncorr method
# #########################################################################
# 3. Identification of peak position (channel) in each ROI
# #########################################################################
  - ROI: 183 -> Peak identified at 179.952380952
  - ROI: 305 -> Peak identified at 299.273356401
  - ROI: 393 -> Peak identified at 385.977077364
  - ROI: 473 -> Peak identified at 462.897310513
# #########################################################################
# 4. Energy calibration
# #########################################################################
 - Running energycalib method
 - energycalib: determination of fits
 - energycalib: done
 - done
# -------------------------------------------------------------------------
 - Extracting energy levels
# -------------------------------------------------------------------------
 - Analyzing Spectral_441835.Chn
# -------------------------------------------------------------------------
# -------------------------------------------------------------------------
 - Analysis of spectrum
##################################################
# SINGLESPECANALYSIS
# #########################################################################
# 1. Definitions
# #########################################################################
[183, 305, 393, 473, [305, 598]]
[662, 1120, 1460, 1764, 609]
# #########################################################################
# 2. Compton/Background treatment
# #########################################################################
 - BACKGROUND not defined -> using comptoncorr method
# #########################################################################
# 3. Identification of peak position (channel) in each ROI
# #########################################################################
  - ROI: 183 -> Peak identified at 180.047619048
  - ROI: 305 -> Peak identified at 299.595155709
  - ROI: 393 -> Peak identified at 385.438395415
  - ROI: 473 -> Peak identified at 463.146699267
# #########################################################################
# 4. Energy calibration
# #########################################################################
 - Running energycalib method
 - energycalib: determination of fits
 - energycalib: done
 - done
# -------------------------------------------------------------------------
 - Extracting energy levels
# -------------------------------------------------------------------------
 - Analyzing Spectral_441836.Chn
# -------------------------------------------------------------------------
# -------------------------------------------------------------------------
 - Analysis of spectrum
##################################################
# SINGLESPECANALYSIS
# #########################################################################
# 1. Definitions
# #########################################################################
[183, 305, 393, 473, [305, 598]]
[662, 1120, 1460, 1764, 609]
# #########################################################################
# 2. Compton/Background treatment
# #########################################################################
 - BACKGROUND not defined -> using comptoncorr method
# #########################################################################
# 3. Identification of peak position (channel) in each ROI
# #########################################################################
  - ROI: 183 -> Peak identified at 180.142857143
  - ROI: 305 -> Peak identified at 298.951672862
  - ROI: 393 -> Peak identified at 385.828080229
  - ROI: 473 -> Peak identified at 463.951100244
# #########################################################################
# 4. Energy calibration
# #########################################################################
 - Running energycalib method
 - energycalib: determination of fits
 - energycalib: done
 - done
# -------------------------------------------------------------------------
 - Extracting energy levels
# -------------------------------------------------------------------------
 - Analyzing Spectral_441837.Chn
# -------------------------------------------------------------------------
# -------------------------------------------------------------------------
 - Analysis of spectrum
##################################################
# SINGLESPECANALYSIS
# #########################################################################
# 1. Definitions
# #########################################################################
[183, 305, 393, 473, [305, 598]]
[662, 1120, 1460, 1764, 609]
# #########################################################################
# 2. Compton/Background treatment
# #########################################################################
 - BACKGROUND not defined -> using comptoncorr method
# #########################################################################
# 3. Identification of peak position (channel) in each ROI
# #########################################################################
  - ROI: 183 -> Peak identified at 180.238095238
  - ROI: 305 -> Peak identified at 299.851211073
  - ROI: 393 -> Peak identified at 385.710601719
  - ROI: 473 -> Peak identified at 463.506112469
# #########################################################################
# 4. Energy calibration
# #########################################################################
 - Running energycalib method
 - energycalib: determination of fits
 - energycalib: done
 - done
# -------------------------------------------------------------------------
 - Extracting energy levels
# -------------------------------------------------------------------------
 - Analyzing Spectral_441838.Chn
# -------------------------------------------------------------------------
# -------------------------------------------------------------------------
 - Analysis of spectrum
##################################################
# SINGLESPECANALYSIS
# #########################################################################
# 1. Definitions
# #########################################################################
[183, 305, 393, 473, [305, 598]]
[662, 1120, 1460, 1764, 609]
# #########################################################################
# 2. Compton/Background treatment
# #########################################################################
 - BACKGROUND not defined -> using comptoncorr method
# #########################################################################
# 3. Identification of peak position (channel) in each ROI
# #########################################################################
  - ROI: 183 -> Peak identified at 180.333333333
  - ROI: 305 -> Peak identified at 300.36802974
  - ROI: 393 -> Peak identified at 386.70487106
  - ROI: 473 -> Peak identified at 463.831295844
# #########################################################################
# 4. Energy calibration
# #########################################################################
 - Running energycalib method
 - energycalib: determination of fits
 - energycalib: done
 - done
# -------------------------------------------------------------------------
 - Extracting energy levels
# -------------------------------------------------------------------------
 - Analyzing Spectral_441839.Chn
# -------------------------------------------------------------------------
# -------------------------------------------------------------------------
 - Analysis of spectrum
##################################################
# SINGLESPECANALYSIS
# #########################################################################
# 1. Definitions
# #########################################################################
[183, 305, 393, 473, [305, 598]]
[662, 1120, 1460, 1764, 609]
# #########################################################################
# 2. Compton/Background treatment
# #########################################################################
 - BACKGROUND not defined -> using comptoncorr method
# #########################################################################
# 3. Identification of peak position (channel) in each ROI
# #########################################################################
  - ROI: 183 -> Peak identified at 180.238095238
  - ROI: 305 -> Peak identified at 299.821561338
  - ROI: 393 -> Peak identified at 386.366762178
  - ROI: 473 -> Peak identified at 465.342298289
# #########################################################################
# 4. Energy calibration
# #########################################################################
 - Running energycalib method
 - energycalib: determination of fits
 - energycalib: done
 - done
# -------------------------------------------------------------------------
 - Extracting energy levels
# -------------------------------------------------------------------------
 - Analyzing Spectral_441840.Chn
# -------------------------------------------------------------------------
# -------------------------------------------------------------------------
 - Analysis of spectrum
##################################################
# SINGLESPECANALYSIS
# #########################################################################
# 1. Definitions
# #########################################################################
[183, 305, 393, 473, [305, 598]]
[662, 1120, 1460, 1764, 609]
# #########################################################################
# 2. Compton/Background treatment
# #########################################################################
 - BACKGROUND not defined -> using comptoncorr method
# #########################################################################
# 3. Identification of peak position (channel) in each ROI
# #########################################################################
  - ROI: 183 -> Peak identified at 180.047619048
  - ROI: 305 -> Peak identified at 299.014869888
  - ROI: 393 -> Peak identified at 386.243553009
  - ROI: 473 -> Peak identified at 463.701711491
# #########################################################################
# 4. Energy calibration
# #########################################################################
 - Running energycalib method
 - energycalib: determination of fits
 - energycalib: done
 - done
# -------------------------------------------------------------------------
 - Extracting energy levels
# -------------------------------------------------------------------------
 - Analyzing Spectral_441841.Chn
# -------------------------------------------------------------------------
# -------------------------------------------------------------------------
 - Analysis of spectrum
##################################################
# SINGLESPECANALYSIS
# #########################################################################
# 1. Definitions
# #########################################################################
[183, 305, 393, 473, [305, 598]]
[662, 1120, 1460, 1764, 609]
# #########################################################################
# 2. Compton/Background treatment
# #########################################################################
 - BACKGROUND not defined -> using comptoncorr method
# #########################################################################
# 3. Identification of peak position (channel) in each ROI
# #########################################################################
  - ROI: 183 -> Peak identified at 179.857142857
  - ROI: 305 -> Peak identified at 299.626297578
  - ROI: 393 -> Peak identified at 385.638968481
  - ROI: 473 -> Peak identified at 462.496332518
# #########################################################################
# 4. Energy calibration
# #########################################################################
 - Running energycalib method
 - energycalib: determination of fits
 - energycalib: done
 - done
# -------------------------------------------------------------------------
 - Extracting energy levels
# -------------------------------------------------------------------------
 - Analyzing Spectral_441842.Chn
# -------------------------------------------------------------------------
# -------------------------------------------------------------------------
 - Analysis of spectrum
##################################################
# SINGLESPECANALYSIS
# #########################################################################
# 1. Definitions
# #########################################################################
[183, 305, 393, 473, [305, 598]]
[662, 1120, 1460, 1764, 609]
# #########################################################################
# 2. Compton/Background treatment
# #########################################################################
 - BACKGROUND not defined -> using comptoncorr method
# #########################################################################
# 3. Identification of peak position (channel) in each ROI
# #########################################################################
  - ROI: 183 -> Peak identified at 179.666666667
  - ROI: 305 -> Peak identified at 297.594795539
  - ROI: 393 -> Peak identified at 385.29512894
  - ROI: 473 -> Peak identified at 463.506112469
# #########################################################################
# 4. Energy calibration
# #########################################################################
 - Running energycalib method
 - energycalib: determination of fits
 - energycalib: done
 - done
# -------------------------------------------------------------------------
 - Extracting energy levels
# -------------------------------------------------------------------------
 - Analyzing Spectral_441843.Chn
# -------------------------------------------------------------------------
# -------------------------------------------------------------------------
 - Analysis of spectrum
##################################################
# SINGLESPECANALYSIS
# #########################################################################
# 1. Definitions
# #########################################################################
[183, 305, 393, 473, [305, 598]]
[662, 1120, 1460, 1764, 609]
# #########################################################################
# 2. Compton/Background treatment
# #########################################################################
 - BACKGROUND not defined -> using comptoncorr method
# #########################################################################
# 3. Identification of peak position (channel) in each ROI
# #########################################################################
  - ROI: 183 -> Peak identified at 179.523809524
  - ROI: 305 -> Peak identified at 297.014869888
  - ROI: 393 -> Peak identified at 385.048710602
  - ROI: 473 -> Peak identified at 462.114914425
# #########################################################################
# 4. Energy calibration
# #########################################################################
 - Running energycalib method
 - energycalib: determination of fits
 - energycalib: done
 - done
# -------------------------------------------------------------------------
 - Extracting energy levels
# -------------------------------------------------------------------------
 - Analyzing Spectral_441844.Chn
# -------------------------------------------------------------------------
# -------------------------------------------------------------------------
 - Analysis of spectrum
##################################################
# SINGLESPECANALYSIS
# #########################################################################
# 1. Definitions
# #########################################################################
[183, 305, 393, 473, [305, 598]]
[662, 1120, 1460, 1764, 609]
# #########################################################################
# 2. Compton/Background treatment
# #########################################################################
 - BACKGROUND not defined -> using comptoncorr method
# #########################################################################
# 3. Identification of peak position (channel) in each ROI
# #########################################################################
  - ROI: 183 -> Peak identified at 179.380952381
  - ROI: 305 -> Peak identified at 298.692041522
  - ROI: 393 -> Peak identified at 384.633237822
  - ROI: 473 -> Peak identified at 462.755501222
# #########################################################################
# 4. Energy calibration
# #########################################################################
 - Running energycalib method
 - energycalib: determination of fits
 - energycalib: done
 - done
# -------------------------------------------------------------------------
 - Extracting energy levels
# -------------------------------------------------------------------------
 - Analyzing Spectral_441845.Chn
# -------------------------------------------------------------------------
# -------------------------------------------------------------------------
 - Analysis of spectrum
##################################################
# SINGLESPECANALYSIS
# #########################################################################
# 1. Definitions
# #########################################################################
[183, 305, 393, 473, [305, 598]]
[662, 1120, 1460, 1764, 609]
# #########################################################################
# 2. Compton/Background treatment
# #########################################################################
 - BACKGROUND not defined -> using comptoncorr method
# #########################################################################
# 3. Identification of peak position (channel) in each ROI
# #########################################################################
  - ROI: 183 -> Peak identified at 179.380952381
  - ROI: 305 -> Peak identified at 298.081784387
  - ROI: 393 -> Peak identified at 384.58739255
  - ROI: 473 -> Peak identified at 461.723716381
# #########################################################################
# 4. Energy calibration
# #########################################################################
 - Running energycalib method
 - energycalib: determination of fits
 - energycalib: done
 - done
# -------------------------------------------------------------------------
 - Extracting energy levels
# -------------------------------------------------------------------------
 - Analyzing Spectral_441846.Chn
# -------------------------------------------------------------------------
# -------------------------------------------------------------------------
 - Analysis of spectrum
##################################################
# SINGLESPECANALYSIS
# #########################################################################
# 1. Definitions
# #########################################################################
[183, 305, 393, 473, [305, 598]]
[662, 1120, 1460, 1764, 609]
# #########################################################################
# 2. Compton/Background treatment
# #########################################################################
 - BACKGROUND not defined -> using comptoncorr method
# #########################################################################
# 3. Identification of peak position (channel) in each ROI
# #########################################################################
  - ROI: 183 -> Peak identified at 179.238095238
  - ROI: 305 -> Peak identified at 297.338289963
  - ROI: 393 -> Peak identified at 384.366762178
  - ROI: 473 -> Peak identified at 461.310513447
# #########################################################################
# 4. Energy calibration
# #########################################################################
 - Running energycalib method
 - energycalib: determination of fits
 - energycalib: done
 - done
# -------------------------------------------------------------------------
 - Extracting energy levels
# -------------------------------------------------------------------------
 - Analyzing Spectral_441848.Chn
# -------------------------------------------------------------------------
# -------------------------------------------------------------------------
 - Analysis of spectrum
##################################################
# SINGLESPECANALYSIS
# #########################################################################
# 1. Definitions
# #########################################################################
[183, 305, 393, 473, [305, 598]]
[662, 1120, 1460, 1764, 609]
# #########################################################################
# 2. Compton/Background treatment
# #########################################################################
 - BACKGROUND not defined -> using comptoncorr method
# #########################################################################
# 3. Identification of peak position (channel) in each ROI
# #########################################################################
  - ROI: 183 -> Peak identified at 179.380952381
  - ROI: 305 -> Peak identified at 298.401486989
  - ROI: 393 -> Peak identified at 384.146131805
  - ROI: 473 -> Peak identified at 460.995110024
# #########################################################################
# 4. Energy calibration
# #########################################################################
 - Running energycalib method
 - energycalib: determination of fits
 - energycalib: done
 - done
# -------------------------------------------------------------------------
 - Extracting energy levels
# -------------------------------------------------------------------------
 - Analyzing Spectral_441849.Chn
# -------------------------------------------------------------------------
# -------------------------------------------------------------------------
 - Analysis of spectrum
##################################################
# SINGLESPECANALYSIS
# #########################################################################
# 1. Definitions
# #########################################################################
[183, 305, 393, 473, [305, 598]]
[662, 1120, 1460, 1764, 609]
# #########################################################################
# 2. Compton/Background treatment
# #########################################################################
 - BACKGROUND not defined -> using comptoncorr method
# #########################################################################
# 3. Identification of peak position (channel) in each ROI
# #########################################################################
  - ROI: 183 -> Peak identified at 179.571428571
  - ROI: 305 -> Peak identified at 298.851211073
  - ROI: 393 -> Peak identified at 385.100286533
  - ROI: 473 -> Peak identified at 459.486552567
# #########################################################################
# 4. Energy calibration
# #########################################################################
 - Running energycalib method
 - energycalib: determination of fits
 - energycalib: done
##################################################
# SINGLESPECANALYSIS
# #########################################################################
# 1. Definitions
# #########################################################################
[183, 305, 393, 473, [305, 598]]
[662, 1120, 1460, 1764, 609]
# #########################################################################
# 2. Compton/Background treatment
# #########################################################################
 - BACKGROUND not defined -> using comptoncorr method
# #########################################################################
# 3. Identification of peak position (channel) in each ROI
# #########################################################################
  - ROI: 183 -> Peak identified at 179.571428571
  - ROI: 305 -> Peak identified at 298.851211073
  - ROI: 393 -> Peak identified at 385.100286533
  - ROI: 473 -> Peak identified at 459.486552567
# #########################################################################
# 4. Energy calibration
# #########################################################################
 - Running energycalib method
 - energycalib: determination of fits
 - energycalib: done
----------------------------
Failed analysis for /srv/projects/gamma/gamma2020/raw/Spectral_441849.Chn!
# -------------------------------------------------------------------------
 - Analyzing Spectral_441850.Chn
# -------------------------------------------------------------------------
# -------------------------------------------------------------------------
 - Analysis of spectrum
##################################################
# SINGLESPECANALYSIS
# #########################################################################
# 1. Definitions
# #########################################################################
[183, 305, 393, 473, [305, 598]]
[662, 1120, 1460, 1764, 609]
# #########################################################################
# 2. Compton/Background treatment
# #########################################################################
 - BACKGROUND not defined -> using comptoncorr method
# #########################################################################
# 3. Identification of peak position (channel) in each ROI
# #########################################################################
  - ROI: 183 -> Peak identified at 179.666666667
  - ROI: 305 -> Peak identified at 299.079584775
  - ROI: 393 -> Peak identified at 384.535816619
  - ROI: 473 -> Peak identified at 462.462102689
# #########################################################################
# 4. Energy calibration
# #########################################################################
 - Running energycalib method
 - energycalib: determination of fits
 - energycalib: done
 - done
# -------------------------------------------------------------------------
 - Extracting energy levels
# -------------------------------------------------------------------------
 - Analyzing Spectral_441851.Chn
# -------------------------------------------------------------------------
# -------------------------------------------------------------------------
 - Analysis of spectrum
##################################################
# SINGLESPECANALYSIS
# #########################################################################
# 1. Definitions
# #########################################################################
[183, 305, 393, 473, [305, 598]]
[662, 1120, 1460, 1764, 609]
# #########################################################################
# 2. Compton/Background treatment
# #########################################################################
 - BACKGROUND not defined -> using comptoncorr method
# #########################################################################
# 3. Identification of peak position (channel) in each ROI
# #########################################################################
  - ROI: 183 -> Peak identified at 179.761904762
  - ROI: 305 -> Peak identified at 298.468401487
  - ROI: 393 -> Peak identified at 385.581661891
  - ROI: 473 -> Peak identified at 462.266503667
# #########################################################################
# 4. Energy calibration
# #########################################################################
 - Running energycalib method
 - energycalib: determination of fits
 - energycalib: done
 - done
# -------------------------------------------------------------------------
 - Extracting energy levels
# -------------------------------------------------------------------------
 - Analyzing Spectral_441852.Chn
# -------------------------------------------------------------------------
# -------------------------------------------------------------------------
 - Analysis of spectrum
##################################################
# SINGLESPECANALYSIS
# #########################################################################
# 1. Definitions
# #########################################################################
[183, 305, 393, 473, [305, 598]]
[662, 1120, 1460, 1764, 609]
# #########################################################################
# 2. Compton/Background treatment
# #########################################################################
 - BACKGROUND not defined -> using comptoncorr method
# #########################################################################
# 3. Identification of peak position (channel) in each ROI
# #########################################################################
  - ROI: 183 -> Peak identified at 179.952380952
  - ROI: 305 -> Peak identified at 299.273356401
  - ROI: 393 -> Peak identified at 385.535816619
  - ROI: 473 -> Peak identified at 463.070904645
# #########################################################################
# 4. Energy calibration
# #########################################################################
 - Running energycalib method
 - energycalib: determination of fits
 - energycalib: done
 - done
# -------------------------------------------------------------------------
 - Extracting energy levels
# -------------------------------------------------------------------------
 - Analyzing Spectral_441853.Chn
# -------------------------------------------------------------------------
# -------------------------------------------------------------------------
 - Analysis of spectrum
##################################################
# SINGLESPECANALYSIS
# #########################################################################
# 1. Definitions
# #########################################################################
[183, 305, 393, 473, [305, 598]]
[662, 1120, 1460, 1764, 609]
# #########################################################################
# 2. Compton/Background treatment
# #########################################################################
 - BACKGROUND not defined -> using comptoncorr method
# #########################################################################
# 3. Identification of peak position (channel) in each ROI
# #########################################################################
  - ROI: 183 -> Peak identified at 179.952380952
  - ROI: 305 -> Peak identified at 299.079584775
  - ROI: 393 -> Peak identified at 385.535816619
  - ROI: 473 -> Peak identified at 463.190709046
# #########################################################################
# 4. Energy calibration
# #########################################################################
 - Running energycalib method
 - energycalib: determination of fits
 - energycalib: done
 - done
# -------------------------------------------------------------------------
 - Extracting energy levels
# -------------------------------------------------------------------------
 - Analyzing Spectral_441854.Chn
# -------------------------------------------------------------------------
# -------------------------------------------------------------------------
 - Analysis of spectrum
##################################################
# SINGLESPECANALYSIS
# #########################################################################
# 1. Definitions
# #########################################################################
[183, 305, 393, 473, [305, 598]]
[662, 1120, 1460, 1764, 609]
# #########################################################################
# 2. Compton/Background treatment
# #########################################################################
 - BACKGROUND not defined -> using comptoncorr method
# #########################################################################
# 3. Identification of peak position (channel) in each ROI
# #########################################################################
  - ROI: 183 -> Peak identified at 180.047619048
  - ROI: 305 -> Peak identified at 300.339100346
  - ROI: 393 -> Peak identified at 386.269340974
  - ROI: 473 -> Peak identified at 463.039119804
# #########################################################################
# 4. Energy calibration
# #########################################################################
 - Running energycalib method
 - energycalib: determination of fits
 - energycalib: done
 - done
# -------------------------------------------------------------------------
 - Extracting energy levels
# -------------------------------------------------------------------------
 - Analyzing Spectral_441855.Chn
# -------------------------------------------------------------------------
# -------------------------------------------------------------------------
 - Analysis of spectrum
##################################################
# SINGLESPECANALYSIS
# #########################################################################
# 1. Definitions
# #########################################################################
[183, 305, 393, 473, [305, 598]]
[662, 1120, 1460, 1764, 609]
# #########################################################################
# 2. Compton/Background treatment
# #########################################################################
 - BACKGROUND not defined -> using comptoncorr method
# #########################################################################
# 3. Identification of peak position (channel) in each ROI
# #########################################################################
  - ROI: 183 -> Peak identified at 180.238095238
  - ROI: 305 -> Peak identified at 300.14532872
  - ROI: 393 -> Peak identified at 386.217765043
  - ROI: 473 -> Peak identified at 463.244498778
# #########################################################################
# 4. Energy calibration
# #########################################################################
 - Running energycalib method
 - energycalib: determination of fits
 - energycalib: done
 - done
# -------------------------------------------------------------------------
 - Extracting energy levels
# -------------------------------------------------------------------------
 - Analyzing Spectral_441856.Chn
# -------------------------------------------------------------------------
# -------------------------------------------------------------------------
 - Analysis of spectrum
##################################################
# SINGLESPECANALYSIS
# #########################################################################
# 1. Definitions
# #########################################################################
[183, 305, 393, 473, [305, 598]]
[662, 1120, 1460, 1764, 609]
# #########################################################################
# 2. Compton/Background treatment
# #########################################################################
 - BACKGROUND not defined -> using comptoncorr method
# #########################################################################
# 3. Identification of peak position (channel) in each ROI
# #########################################################################
  - ROI: 183 -> Peak identified at 180.333333333
  - ROI: 305 -> Peak identified at 301.30449827
  - ROI: 393 -> Peak identified at 386.730659026
  - ROI: 473 -> Peak identified at 463.995110024
# #########################################################################
# 4. Energy calibration
# #########################################################################
 - Running energycalib method
 - energycalib: determination of fits
 - energycalib: done
##################################################
# SINGLESPECANALYSIS
# #########################################################################
# 1. Definitions
# #########################################################################
[183, 305, 393, 473, [305, 598]]
[662, 1120, 1460, 1764, 609]
# #########################################################################
# 2. Compton/Background treatment
# #########################################################################
 - BACKGROUND not defined -> using comptoncorr method
# #########################################################################
# 3. Identification of peak position (channel) in each ROI
# #########################################################################
  - ROI: 183 -> Peak identified at 180.333333333
  - ROI: 305 -> Peak identified at 301.30449827
  - ROI: 393 -> Peak identified at 386.730659026
  - ROI: 473 -> Peak identified at 463.995110024
# #########################################################################
# 4. Energy calibration
# #########################################################################
 - Running energycalib method
 - energycalib: determination of fits
 - energycalib: done
----------------------------
Failed analysis for /srv/projects/gamma/gamma2020/raw/Spectral_441856.Chn!
# -------------------------------------------------------------------------
 - Analyzing Spectral_441857.Chn
# -------------------------------------------------------------------------
# -------------------------------------------------------------------------
 - Analysis of spectrum
##################################################
# SINGLESPECANALYSIS
# #########################################################################
# 1. Definitions
# #########################################################################
[183, 305, 393, 473, [305, 598]]
[662, 1120, 1460, 1764, 609]
# #########################################################################
# 2. Compton/Background treatment
# #########################################################################
 - BACKGROUND not defined -> using comptoncorr method
# #########################################################################
# 3. Identification of peak position (channel) in each ROI
# #########################################################################
  - ROI: 183 -> Peak identified at 180.238095238
  - ROI: 305 -> Peak identified at 299.46366782
  - ROI: 393 -> Peak identified at 386.41260745
  - ROI: 473 -> Peak identified at 464.244498778
# #########################################################################
# 4. Energy calibration
# #########################################################################
 - Running energycalib method
 - energycalib: determination of fits
 - energycalib: done
 - done
# -------------------------------------------------------------------------
 - Extracting energy levels
# -------------------------------------------------------------------------
 - Analyzing Spectral_441858.Chn
# -------------------------------------------------------------------------
# -------------------------------------------------------------------------
 - Analysis of spectrum
##################################################
# SINGLESPECANALYSIS
# #########################################################################
# 1. Definitions
# #########################################################################
[183, 305, 393, 473, [305, 598]]
[662, 1120, 1460, 1764, 609]
# #########################################################################
# 2. Compton/Background treatment
# #########################################################################
 - BACKGROUND not defined -> using comptoncorr method
# #########################################################################
# 3. Identification of peak position (channel) in each ROI
# #########################################################################
  - ROI: 183 -> Peak identified at 180.047619048
  - ROI: 305 -> Peak identified at 298.208178439
  - ROI: 393 -> Peak identified at 386.41260745
  - ROI: 473 -> Peak identified at 462.919315403
# #########################################################################
# 4. Energy calibration
# #########################################################################
 - Running energycalib method
 - energycalib: determination of fits
 - energycalib: done
 - done
# -------------------------------------------------------------------------
 - Extracting energy levels
# -------------------------------------------------------------------------
 - Analyzing Spectral_441859.Chn
# -------------------------------------------------------------------------
# -------------------------------------------------------------------------
 - Analysis of spectrum
##################################################
# SINGLESPECANALYSIS
# #########################################################################
# 1. Definitions
# #########################################################################
[183, 305, 393, 473, [305, 598]]
[662, 1120, 1460, 1764, 609]
# #########################################################################
# 2. Compton/Background treatment
# #########################################################################
 - BACKGROUND not defined -> using comptoncorr method
# #########################################################################
# 3. Identification of peak position (channel) in each ROI
# #########################################################################
  - ROI: 183 -> Peak identified at 179.952380952
  - ROI: 305 -> Peak identified at 299.014869888
  - ROI: 393 -> Peak identified at 385.386819484
  - ROI: 473 -> Peak identified at 463.070904645
# #########################################################################
# 4. Energy calibration
# #########################################################################
 - Running energycalib method
 - energycalib: determination of fits
 - energycalib: done
 - done
# -------------------------------------------------------------------------
 - Extracting energy levels
# -------------------------------------------------------------------------
 - Analyzing Spectral_441860.Chn
# -------------------------------------------------------------------------
# -------------------------------------------------------------------------
 - Analysis of spectrum
##################################################
# SINGLESPECANALYSIS
# #########################################################################
# 1. Definitions
# #########################################################################
[183, 305, 393, 473, [305, 598]]
[662, 1120, 1460, 1764, 609]
# #########################################################################
# 2. Compton/Background treatment
# #########################################################################
 - BACKGROUND not defined -> using comptoncorr method
# #########################################################################
# 3. Identification of peak position (channel) in each ROI
# #########################################################################
  - ROI: 183 -> Peak identified at 179.857142857
  - ROI: 305 -> Peak identified at 298.982698962
  - ROI: 393 -> Peak identified at 385.782234957
  - ROI: 473 -> Peak identified at 462.657701711
# #########################################################################
# 4. Energy calibration
# #########################################################################
 - Running energycalib method
 - energycalib: determination of fits
 - energycalib: done
 - done
# -------------------------------------------------------------------------
 - Extracting energy levels
# -------------------------------------------------------------------------
 - Analyzing Spectral_441861.Chn
# -------------------------------------------------------------------------
# -------------------------------------------------------------------------
 - Analysis of spectrum
##################################################
# SINGLESPECANALYSIS
# #########################################################################
# 1. Definitions
# #########################################################################
[183, 305, 393, 473, [305, 598]]
[662, 1120, 1460, 1764, 609]
# #########################################################################
# 2. Compton/Background treatment
# #########################################################################
 - BACKGROUND not defined -> using comptoncorr method
# #########################################################################
# 3. Identification of peak position (channel) in each ROI
# #########################################################################
  - ROI: 183 -> Peak identified at 179.761904762
  - ROI: 305 -> Peak identified at 298.010380623
  - ROI: 393 -> Peak identified at 384.951289398
  - ROI: 473 -> Peak identified at 462.853300733
# #########################################################################
# 4. Energy calibration
# #########################################################################
 - Running energycalib method
 - energycalib: determination of fits
 - energycalib: done
 - done
# -------------------------------------------------------------------------
 - Extracting energy levels
# -------------------------------------------------------------------------
 - Analyzing Spectral_441862.Chn
# -------------------------------------------------------------------------
# -------------------------------------------------------------------------
 - Analysis of spectrum
##################################################
# SINGLESPECANALYSIS
# #########################################################################
# 1. Definitions
# #########################################################################
[183, 305, 393, 473, [305, 598]]
[662, 1120, 1460, 1764, 609]
# #########################################################################
# 2. Compton/Background treatment
# #########################################################################
 - BACKGROUND not defined -> using comptoncorr method
# #########################################################################
# 3. Identification of peak position (channel) in each ROI
# #########################################################################
  - ROI: 183 -> Peak identified at 179.666666667
  - ROI: 305 -> Peak identified at 299.048327138
  - ROI: 393 -> Peak identified at 385.320916905
  - ROI: 473 -> Peak identified at 462.875305623
# #########################################################################
# 4. Energy calibration
# #########################################################################
 - Running energycalib method
 - energycalib: determination of fits
 - energycalib: done
 - done
# -------------------------------------------------------------------------
 - Extracting energy levels
# -------------------------------------------------------------------------
 - Analyzing Spectral_441863.Chn
# -------------------------------------------------------------------------
# -------------------------------------------------------------------------
 - Analysis of spectrum
##################################################
# SINGLESPECANALYSIS
# #########################################################################
# 1. Definitions
# #########################################################################
[183, 305, 393, 473, [305, 598]]
[662, 1120, 1460, 1764, 609]
# #########################################################################
# 2. Compton/Background treatment
# #########################################################################
 - BACKGROUND not defined -> using comptoncorr method
# #########################################################################
# 3. Identification of peak position (channel) in each ROI
# #########################################################################
  - ROI: 183 -> Peak identified at 179.428571429
  - ROI: 305 -> Peak identified at 299.241635688
  - ROI: 393 -> Peak identified at 384.925501433
  - ROI: 473 -> Peak identified at 460.75794621
# #########################################################################
# 4. Energy calibration
# #########################################################################
 - Running energycalib method
 - energycalib: determination of fits
 - energycalib: done
##################################################
# SINGLESPECANALYSIS
# #########################################################################
# 1. Definitions
# #########################################################################
[183, 305, 393, 473, [305, 598]]
[662, 1120, 1460, 1764, 609]
# #########################################################################
# 2. Compton/Background treatment
# #########################################################################
 - BACKGROUND not defined -> using comptoncorr method
# #########################################################################
# 3. Identification of peak position (channel) in each ROI
# #########################################################################
  - ROI: 183 -> Peak identified at 179.428571429
  - ROI: 305 -> Peak identified at 299.241635688
  - ROI: 393 -> Peak identified at 384.925501433
  - ROI: 473 -> Peak identified at 460.75794621
# #########################################################################
# 4. Energy calibration
# #########################################################################
 - Running energycalib method
 - energycalib: determination of fits
 - energycalib: done
----------------------------
Failed analysis for /srv/projects/gamma/gamma2020/raw/Spectral_441863.Chn!
# -------------------------------------------------------------------------
 - Analyzing Spectral_441864.Chn
# -------------------------------------------------------------------------
# -------------------------------------------------------------------------
 - Analysis of spectrum
##################################################
# SINGLESPECANALYSIS
# #########################################################################
# 1. Definitions
# #########################################################################
[183, 305, 393, 473, [305, 598]]
[662, 1120, 1460, 1764, 609]
# #########################################################################
# 2. Compton/Background treatment
# #########################################################################
 - BACKGROUND not defined -> using comptoncorr method
# #########################################################################
# 3. Identification of peak position (channel) in each ROI
# #########################################################################
  - ROI: 183 -> Peak identified at 179.380952381
  - ROI: 305 -> Peak identified at 299.724907063
  - ROI: 393 -> Peak identified at 385.074498567
  - ROI: 473 -> Peak identified at 458.811735941
# #########################################################################
# 4. Energy calibration
# #########################################################################
 - Running energycalib method
 - energycalib: determination of fits
 - energycalib: done
##################################################
# SINGLESPECANALYSIS
# #########################################################################
# 1. Definitions
# #########################################################################
[183, 305, 393, 473, [305, 598]]
[662, 1120, 1460, 1764, 609]
# #########################################################################
# 2. Compton/Background treatment
# #########################################################################
 - BACKGROUND not defined -> using comptoncorr method
# #########################################################################
# 3. Identification of peak position (channel) in each ROI
# #########################################################################
  - ROI: 183 -> Peak identified at 179.380952381
  - ROI: 305 -> Peak identified at 299.724907063
  - ROI: 393 -> Peak identified at 385.074498567
  - ROI: 473 -> Peak identified at 458.811735941
# #########################################################################
# 4. Energy calibration
# #########################################################################
 - Running energycalib method
 - energycalib: determination of fits
 - energycalib: done
----------------------------
Failed analysis for /srv/projects/gamma/gamma2020/raw/Spectral_441864.Chn!
# -------------------------------------------------------------------------
# Creating summary and MagPy file for storage
[u'x', u'y', u'z', u'f', u't1']
[41, 41, 41, 41, 41, 41, 0, 0, 0, 0, 0, 0, 0, 0, 0, 0, 0, 0, 0, 0, 0, 0, 0, 0]
writing data
Logfile /var/log/magpy/mm-pro-gamma.log loaded
Existing: SAGITTARIUS-Projects-gamma
Fri May 29 02:15:23 UTC 2020
