Getuser: Running from crontab -- trying Logname to identify user
Getuser: ... succes - using cobs
Accessing credential file: /home/cobs/.magpycred
Connecting to primary MARCOS...
<_mysql.connection open to '138.22.188.195' at 3586a40>
Getuser: Running from crontab -- trying Logname to identify user
Getuser: ... succes - using cobs
Accessing credential file: /home/cobs/.magpycred
Getuser: Running from crontab -- trying Logname to identify user
Getuser: ... succes - using cobs
Accessing credential file: /home/cobs/.magpycred
Getuser: Running from crontab -- trying Logname to identify user
Getuser: ... succes - using cobs
Accessing credential file: /home/cobs/.magpycred
Getuser: Running from crontab -- trying Logname to identify user
Getuser: ... succes - using cobs
Accessing credential file: /home/cobs/.magpycred
-----------------------------------
Part1 needs 0:00:00.000609
-----------------------------------
Reading SCA Gamma data...
*cmd* 'USER trmsoe@www.zamg.ac.at'
*resp* "331-- USER for trmsoe@www.zamg.ac.at.\n220- zagsun12 PROXY-FTP server (DeleGate/7.9.13) ready.\n220-   @ @\n220-  ( - ) { DeleGate/7.9.13 (September 22, 2002) }\n220- AIST Research Product No. 2000-ETL-198715-01\n220- Copyright (c) 1994-2000 Yutaka Sato and ETL,AIST,MITI\n220- Copyright (c) 2001-2002 National Institute of Advanced Industrial Science and Technology (AIST)\n220- WWW: http://www.delegate.org/delegate/\n220- --\n220- You can connect to a SERVER by `user' command:\n220-    ftp> user username@SERVER\n220- or by `cd' command (after logged in as an anonymous user):\n220-    ftp> cd //SERVER\n220- Cache is enabled by default and can be disabled by `cd .' (toggle)\n220- This (proxy) service is maintained by 'Nikolaus.Horn@zamg.ac.at'\n220-extended FTP [MODE XDC][XDC/BASE64]\n220-  \n331-- USER for trmsoe@www.zamg.ac.at.\n220- ProFTPD 1.3.5 Server ready.\n331- Password required for trmsoe\n331--  @ @  \n331-  \\( - )/ -- { connected to `www.zamg.ac.at' }\n331--  @ @  \n331  \\( - )/ -- { connected to `www.zamg.ac.at' (via FTP-Proxy) }"
*cmd* 'PASS *********'
*resp* '230 User trmsoe logged in'
*cmd* 'CWD /data/radon/'
*resp* '250 CWD command successful'
*cmd* 'DELE COBSEXP_2_2017-08-24.txt'
*resp* '250 DELE command successful'
*cmd* 'TYPE I'
*resp* '200 Type set to I'
*cmd* 'PASV'
*resp* '227 Entering Passive Mode (138,22,156,44,163,231) DeleGate[XDC].'
*cmd* 'USER trmsoe@www.zamg.ac.at'
*cmd* u'STOR COBSEXP_2_2017-08-24.txt'
*resp* '150 Opening BINARY mode data connection for COBSEXP_2_2017-08-24.txt'
*resp* "331-- USER for trmsoe@www.zamg.ac.at.\n220- zagsun12 PROXY-FTP server (DeleGate/7.9.13) ready.\n220-   @ @\n220-  ( - ) { DeleGate/7.9.13 (September 22, 2002) }\n220- AIST Research Product No. 2000-ETL-198715-01\n220- Copyright (c) 1994-2000 Yutaka Sato and ETL,AIST,MITI\n220- Copyright (c) 2001-2002 National Institute of Advanced Industrial Science and Technology (AIST)\n220- WWW: http://www.delegate.org/delegate/\n220- --\n220- You can connect to a SERVER by `user' command:\n220-    ftp> user username@SERVER\n220- or by `cd' command (after logged in as an anonymous user):\n220-    ftp> cd //SERVER\n220- Cache is enabled by default and can be disabled by `cd .' (toggle)\n220- This (proxy) service is maintained by 'Nikolaus.Horn@zamg.ac.at'\n220-extended FTP [MODE XDC][XDC/BASE64]\n220-  \n331-- USER for trmsoe@www.zamg.ac.at.\n220- ProFTPD 1.3.5 Server ready.\n331- Password required for trmsoe\n331--  @ @  \n331-  \\( - )/ -- { connected to `www.zamg.ac.at' }\n331--  @ @  \n331  \\( - )/ -- { connected to `www.zamg.ac.at' (via FTP-Proxy) }"
*cmd* 'PASS *********'
*resp* '230 User trmsoe logged in'
*cmd* 'CWD /data/radon/'
*resp* '250 CWD command successful'
*cmd* 'DELE COBSEXP_2_2017-08-23.txt'
*resp* '226 Transfer complete'
*cmd* 'QUIT'
*resp* '250 DELE command successful'
*cmd* 'TYPE I'
*resp* '221 Goodbye.'
*resp* '200 Type set to I'
*cmd* 'PASV'
*resp* '227 Entering Passive Mode (138,22,156,44,163,236) DeleGate[XDC].'
*cmd* u'STOR COBSEXP_2_2017-08-23.txt'
*resp* '150 Opening BINARY mode data connection for COBSEXP_2_2017-08-23.txt'
Killed
