Tue May 26 15:28:01 UTC 2020
1. Title graphs
------------------------------------------
/home/cobs/anaconda2/lib/python2.7/site-packages/requests/packages/urllib3/connectionpool.py:852: InsecureRequestWarning: Unverified HTTPS request is being made. Adding certificate verification is strongly advised. See: https://urllib3.readthedocs.io/en/latest/advanced-usage.html#ssl-warnings
  InsecureRequestWarning)
Getuser: Running from crontab -- trying Logname to identify user
Getuser: ... succes - using cobs
Accessing credential file: /home/cobs/.magpycred
Connecting to primary MARCOS...
<pymysql.connections.Connection object at 0x7f75bead7cd0>
... success
Reading data from primary instrument
readDB: Read rows: 401115
-------------------------
Dealing with key: x
-------------------------
Dealing with key: y
-------------------------
Dealing with key: z
Data appears to be below 1 minute resolution - filtering to minutes
ndtype - Timeseries ending at: 2020-05-26 15:25:00+00:00
Coverage in days: 4.64236111112
Last effective time series ending at day 2020-05-26 00:00:00
 -----------------------------------------------------
 ------------- Starting backward analysis ------------
 --------------- beginning at last time --------------
Step0 needed: 0:00:00.000206
Step1 needed: 0:00:00.003229
Step2 needed: 0:00:00.378771
Step3 needed: 0:00:00.007356
Step4 needed: 0:00:00.373115
Step5 needed: 0:00:00.007289
 -----------------------------------------------------
 ------------- Starting forward analysis -------------
 -----------------  from first date ------------------
Running daily chunks forward until  2020-05-23 00:00:00+00:00
##############################################
 careful - datastream not long enough for correct k determination
##############################################
Hourly means not correctly determinable for day 2020-05-22 02:30:00+00:00
as the extended time range is not reached
----------------------------------------------
##############################################
 careful - datastream not long enough for correct k determination
##############################################
Hourly means not correctly determinable for day 2020-05-22 01:30:00+00:00
as the extended time range is not reached
----------------------------------------------
##############################################
 careful - datastream not long enough for correct k determination
##############################################
Hourly means not correctly determinable for day 2020-05-22 00:30:00+00:00
as the extended time range is not reached
----------------------------------------------
##############################################
 careful - datastream not long enough for correct k determination
##############################################
Hourly means not correctly determinable for day 2020-05-22 02:30:00+00:00
as the extended time range is not reached
----------------------------------------------
##############################################
 careful - datastream not long enough for correct k determination
##############################################
Hourly means not correctly determinable for day 2020-05-22 01:30:00+00:00
as the extended time range is not reached
----------------------------------------------
##############################################
 careful - datastream not long enough for correct k determination
##############################################
Hourly means not correctly determinable for day 2020-05-22 00:30:00+00:00
as the extended time range is not reached
----------------------------------------------
Running daily chunks forward until  2020-05-24 00:00:00+00:00
Running daily chunks forward until  2020-05-25 00:00:00+00:00
Running daily chunks forward until  2020-05-26 00:00:00+00:00
Getting Solare image
Plotting streams
Getuser: Running from crontab -- trying Logname to identify user
Getuser: ... succes - using cobs
Accessing credential file: /home/cobs/.magpycred
Getuser: Running from crontab -- trying Logname to identify user
Getuser: ... succes - using cobs
Accessing credential file: /home/cobs/.magpycred
Getuser: Running from crontab -- trying Logname to identify user
Getuser: ... succes - using cobs
Accessing credential file: /home/cobs/.magpycred
Getuser: Running from crontab -- trying Logname to identify user
Getuser: ... succes - using cobs
Accessing credential file: /home/cobs/.magpycred
 
title_mag.png                                   0%    0     0.0KB/s   --:-- ETAtitle_mag.png                                 100%  264KB 263.9KB/s   00:00    

Key script_title_mag_graph already contained in loglist - checking status
-> Status remaining unchanged
++++++++++++++++++++++++++++++++++++++++++++++++
        mag_graph successfully finished         
++++++++++++++++++++++++++++++++++++++++++++++++
Getuser: Running from crontab -- trying Logname to identify user
Getuser: ... succes - using cobs
Accessing credential file: /home/cobs/.magpycred
Connecting to primary MARCOS...
<pymysql.connections.Connection object at 0x7f114265ac50>
... success
readDB: Read rows: 10988
readDB: Found identical values only:var5
-------------------------
Dealing with key: f
-------------------------
Dealing with key: t1
-------------------------
Dealing with key: var5
-------------------------
Dealing with key: z
Getuser: Running from crontab -- trying Logname to identify user
Getuser: ... succes - using cobs
Accessing credential file: /home/cobs/.magpycred
Getuser: Running from crontab -- trying Logname to identify user
Getuser: ... succes - using cobs
Accessing credential file: /home/cobs/.magpycred
Getuser: Running from crontab -- trying Logname to identify user
Getuser: ... succes - using cobs
Accessing credential file: /home/cobs/.magpycred
Getuser: Running from crontab -- trying Logname to identify user
Getuser: ... succes - using cobs
Accessing credential file: /home/cobs/.magpycred
 
title_weather.png                               0%    0     0.0KB/s   --:-- ETAtitle_weather.png                             100%  437KB 437.3KB/s   00:00    

Key script_title_weather_graph already contained in loglist - checking status
-> Status remaining unchanged
++++++++++++++++++++++++++++++++++++++++++++++++
      weather_graph successfully finished       
++++++++++++++++++++++++++++++++++++++++++++++++
2. Periodic plots
------------------------------------------
Getuser: Running from crontab -- trying Logname to identify user
Getuser: ... succes - using cobs
Accessing credential file: /home/cobs/.magpycred
Connecting to primary MARCOS...
<pymysql.connections.Connection object at 0x7f58008e1150>
... success
Starting part 2:
readDB: Read rows: 120
readDB: Found identical values only:str4
('Length', [120, 120, 120, 120, 120, 120, 120, 120, 0, 0, 0, 120, 0, 120, 120, 120, 120, 120, 120, 0, 0, 0, 0, 120])
('Found quake streams', [0], [0], [6, 6, 6, 6, 6, 6, 6, 6, 0, 0, 0, 6, 0, 6, 6, 6, 6, 6, 6, 0, 0, 0, 0, 6])
Combined length: 7
[[3.0 'POLAND']
 [4.7 'EGYPT']
 [5.1 '58km SSE of Ierapetra, Greece']
 [5.3 'CRETE  GREECE']
 [5.2 '82km SSW of Ierapetra, Greece']
 [5.3 '82km SSW of Gra Liyia, Greece']
 [4.8 'CRETE  GREECE']]
Starting part 3:
readDB: Read rows: 8287
readDB: Found identical values only:t2
readDB: Found identical values only:flag
readDB: Found identical values only:typ
readDB: Read rows: 1
readDB: Found identical values only:time
readDB: Found identical values only:x
readDB: Found identical values only:y
readDB: Found identical values only:z
!!!!!!!!!!!!!!!!!!!!!!!!!!!!!!!!!!!!!!!!!
   tilt_graph step3 failed 
!!!!!!!!!!!!!!!!!!!!!!!!!!!!!!!!!!!!!!!!!
Plot created .. uploading now
!!!!!!!!!!!!!!!!!!!!!!!!!!!!!!!!!!!!!!!!!
   tilt_graph step3 failed 
!!!!!!!!!!!!!!!!!!!!!!!!!!!!!!!!!!!!!!!!!
Current failed-upload count = 314
Writing new count to currentdata
Key script_periodic_tilt_graph already contained in loglist - checking status
-> Status remaining unchanged
Logfile /var/log/magpy/mm-per-tilt.log loaded
Existing: SAGITTARIUS-PeriodicPlot-tilt3
Existing: SAGITTARIUS-PeriodicPlot-tilt2
Getuser: Running from crontab -- trying Logname to identify user
Getuser: ... succes - using cobs
Accessing credential file: /home/cobs/.magpycred
Connecting to primary MARCOS...
... DB on vega connected
... success
-----------------------------------
Starting Supergrad analysis script:
-----------------------------------
datetime of processing is: 2020-05-26 15:29:02.060717
 - Reading Status information
readDB: Read rows: 0
No data found
readDB: Read rows: 23
readDB: Found identical values only:t1
readDB: Found identical values only:str1
readDB: Found identical values only:str3
readDB: Read rows: 39
readDB: Found identical values only:t2
readDB: Found identical values only:var1
readDB: Found identical values only:df
readDB: Found identical values only:str3
 - Reading data files
readDB: Read rows: 259188
NS-gradient...read
readDB: Read rows: 0
No data found
EW-gradient...read
readDB: Read rows: 0
No data found
V-gradient...read
At least one dataset is missing...trying to move on...
 - Preparing status information
 - Removing prominent outliers
-------------------------
Dealing with key: x
-------------------------
Dealing with key: y
-------------------------
Dealing with key: z
-------------------------
Dealing with key: dx
-------------------------
Dealing with key: dy
-------------------------
Dealing with key: dz
 - NS-outliers removed...
 - Checking threshold values - removed ...
 - Filtering data for plot
 - NS-filtered to 1min-data...
nsgraph with length 4237 extracted
('Standard-dev EW: ', 0.0, ' Standard-dev NS: ', 19.479484042174107, 'Standard-dev V: ', 0.0)
('mean EW: ', 0.0, ' mean NS: ', -3940.0105451752929, 'mean V: ', 0.0)
More thean two differnces are bad, fallback to worstcase scenario...
Key script_periodic_supergrad_graph already contained in loglist - checking status
-> Status remaining unchanged
Logfile /var/log/magpy/mm-per-supergrad.log loaded
Existing: SAGITTARIUS-PeriodicPlot-supergrad
Getuser: Running from crontab -- trying Logname to identify user
Getuser: ... succes - using cobs
Accessing credential file: /home/cobs/.magpycred
Connecting to primary MARCOS...
<pymysql.connections.Connection object at 0x7fe27e2cea50>
... success
Getuser: Running from crontab -- trying Logname to identify user
Getuser: ... succes - using cobs
Accessing credential file: /home/cobs/.magpycred
Getuser: Running from crontab -- trying Logname to identify user
Getuser: ... succes - using cobs
Accessing credential file: /home/cobs/.magpycred
Getuser: Running from crontab -- trying Logname to identify user
Getuser: ... succes - using cobs
Accessing credential file: /home/cobs/.magpycred
Getuser: Running from crontab -- trying Logname to identify user
Getuser: ... succes - using cobs
Accessing credential file: /home/cobs/.magpycred
Getuser: Running from crontab -- trying Logname to identify user
Getuser: ... succes - using cobs
Accessing credential file: /home/cobs/.magpycred
Getuser: Running from crontab -- trying Logname to identify user
Getuser: ... succes - using cobs
Accessing credential file: /home/cobs/.magpycred
Getuser: Running from crontab -- trying Logname to identify user
Getuser: ... succes - using cobs
Accessing credential file: /home/cobs/.magpycred
Getuser: Running from crontab -- trying Logname to identify user
Getuser: ... succes - using cobs
Accessing credential file: /home/cobs/.magpycred
readDB: Read rows: 29700
readDB: Found identical values only:str1
readDB: Found identical values only:str2
readDB: Found identical values only:str3
readDB: Found identical values only:str4
readDB: Found identical values only:flag
readDB: Found identical values only:comment
readDB: Found identical values only:typ
... reading finished.
Plotting ...
!!!!!!!!!!!!!!!!!!!!!!!!!!!!!!!!
     gamma step 1 failed        
!!!!!!!!!!!!!!!!!!!!!!!!!!!!!!!!
!!!!!!!!!!!!!!!!!!!!!!!!!!!!!!!!
     gamma step 1 failed        
!!!!!!!!!!!!!!!!!!!!!!!!!!!!!!!!
Current failed-upload count = 315
Writing new count to currentdata
Key script_periodic_gamma_graph already contained in loglist - checking status
-> Status remaining unchanged
Logfile /var/log/magpy/mm-per-gamma.log loaded
Existing: SAGITTARIUS-PeriodicPlot-gamma
Plotting from 2020-05-23 15:29:00+00:00 to 2020-05-26 15:25:00+00:00
Getuser: Running from crontab -- trying Logname to identify user
Getuser: ... succes - using cobs
Accessing credential file: /home/cobs/.magpycred
Getuser: Running from crontab -- trying Logname to identify user
Getuser: ... succes - using cobs
Accessing credential file: /home/cobs/.magpycred
Getuser: Running from crontab -- trying Logname to identify user
Getuser: ... succes - using cobs
Accessing credential file: /home/cobs/.magpycred
Getuser: Running from crontab -- trying Logname to identify user
Getuser: ... succes - using cobs
Accessing credential file: /home/cobs/.magpycred
Spaceweather plot uploaded
Logfile /var/log/magpy/mm-per-spaceweather.log loaded
Existing: SAGITTARIUS-PeriodicPlot-spaceweather
Getuser: Running from crontab -- trying Logname to identify user
Getuser: ... succes - using cobs
Accessing credential file: /home/cobs/.magpycred
Connecting to primary MARCOS...
... success
Getuser: Running from crontab -- trying Logname to identify user
Getuser: ... succes - using cobs
Accessing credential file: /home/cobs/.magpycred
Getuser: Running from crontab -- trying Logname to identify user
Getuser: ... succes - using cobs
Accessing credential file: /home/cobs/.magpycred
Getuser: Running from crontab -- trying Logname to identify user
Getuser: ... succes - using cobs
Accessing credential file: /home/cobs/.magpycred
Getuser: Running from crontab -- trying Logname to identify user
Getuser: ... succes - using cobs
Accessing credential file: /home/cobs/.magpycred
Getuser: Running from crontab -- trying Logname to identify user
Getuser: ... succes - using cobs
Accessing credential file: /home/cobs/.magpycred
Getuser: Running from crontab -- trying Logname to identify user
Getuser: ... succes - using cobs
Accessing credential file: /home/cobs/.magpycred
Getuser: Running from crontab -- trying Logname to identify user
Getuser: ... succes - using cobs
Accessing credential file: /home/cobs/.magpycred
Getuser: Running from crontab -- trying Logname to identify user
Getuser: ... succes - using cobs
Accessing credential file: /home/cobs/.magpycred
Part 1 - short term weatherchange plot - started at 2020-05-26 15:29:59.980086
-------------------------------------------------
Reading Meteo data from /srv/products/data/meteo/meteo-1min_*...
Starttime is: 2020-05-23 15:29:59.973321
Endtime: is: 2020-05-26 15:29:59.973321
...done
Interpolating missing values...
...done
duration is: 255540.0
dt is: 60.0 seconds
indices is: [2, 3, 4, 7]
Running gaussian taper over 30 samples...
...done
std( snowheight) is: 0.49043677681
std( temperature) is: 2.41215774473
std( wind) is: 2.19310283066
limits succesfully derived
Temperature plot successful
Snowheight plot successful
Rainfall plot successful
Windspeed plot successful
Setting axes limits successful. Placing average valus as text in plot successful.
Step 1 failed
Statusmsg are: {'SAGITTARIUS-Periodicgraphs-weatherchange-1': 'Step1: three day weatherchange plot failed - plot generation failed'}
Logfile /var/log/magpy/mm-dp-weatherchange.log loaded
Existing: SAGITTARIUS-Periodicgraphs-weatherchange-1
Tue May 26 15:30:01 UTC 2020
3. Info channels
------------------------------------------
Getuser: Running from crontab -- trying Logname to identify user
Getuser: ... succes - using cobs
Accessing credential file: /home/cobs/.magpycred
Connecting to primary MARCOS...
success
Checking data until: 2022-05-26
Database containing 610 datasets
Existing data loaded ...
Checking for new objects ...
Found new data set
Got approachdate 2020-05-28 13:21:00
UPDATE to [NEO](https://cneos.jpl.nasa.gov/ca/): *2020 KJ4*
(NEO = Near Earth object)
Approaching earth on
*2020-May-28 13:21 UTC*
within 0.000959 AU (143449 km)
Size: 3-6 m
Based on [Jet Propulsion Labs SBDB](https://ssd-api.jpl.nasa.gov/) (Small-Body DataBase)
Successfully finished
{u'Telegram-PHA': u'downloading new PHAs successful'}
Logfile /var/log/magpy/mm-info.log loaded
Existing: Telegram-PHA
4. Data Products
------------------------------------------
resample: Key str1 not supported!
interpol: Column key not valid!
resample: Error interpolating stream. Stream either too large or no data for selected key
Getuser: Running from crontab -- trying Logname to identify user
Getuser: ... succes - using cobs
Accessing credential file: /home/cobs/.magpycred
Getuser: Running from crontab -- trying Logname to identify user
Getuser: ... succes - using cobs
Accessing credential file: /home/cobs/.magpycred
Getuser: Running from crontab -- trying Logname to identify user
Getuser: ... succes - using cobs
Accessing credential file: /home/cobs/.magpycred
Getuser: Running from crontab -- trying Logname to identify user
Getuser: ... succes - using cobs
Accessing credential file: /home/cobs/.magpycred
Connecting to primary DB at 138.22.188.195 ...
...success
Connecting also secondary DB at 138.22.188.191 ...
...success
Getuser: Running from crontab -- trying Logname to identify user
Getuser: ... succes - using cobs
Accessing credential file: /home/cobs/.magpycred
Getuser: Running from crontab -- trying Logname to identify user
Getuser: ... succes - using cobs
Accessing credential file: /home/cobs/.magpycred
Getuser: Running from crontab -- trying Logname to identify user
Getuser: ... succes - using cobs
Accessing credential file: /home/cobs/.magpycred
Getuser: Running from crontab -- trying Logname to identify user
Getuser: ... succes - using cobs
Accessing credential file: /home/cobs/.magpycred
Getuser: Running from crontab -- trying Logname to identify user
Getuser: ... succes - using cobs
Accessing credential file: /home/cobs/.magpycred
Getuser: Running from crontab -- trying Logname to identify user
Getuser: ... succes - using cobs
Accessing credential file: /home/cobs/.magpycred
Getuser: Running from crontab -- trying Logname to identify user
Getuser: ... succes - using cobs
Accessing credential file: /home/cobs/.magpycred
Getuser: Running from crontab -- trying Logname to identify user
Getuser: ... succes - using cobs
Accessing credential file: /home/cobs/.magpycred
##############################################
Part 1 - weather analysis - started at 2020-05-26 15:30:10.049528
##############################################
-----------------------
1. SOURCE LNM
-----------------------
 -- LNM - reading available data sets and apply existing flags ...
 -- Dealing with LNM_0351_0001_0001
readDB: Read rows: 3516
readDB: Found identical values only:str2
(' -- Got data with range:', (datetime.datetime(2020, 5, 23, 15, 30, 23, 942581), datetime.datetime(2020, 5, 26, 15, 29, 38, 603408)))
 -- Current Weather: None
 -- Getting existing flags ...
 -- Found existing flags: 0
 -- Determine average rain from LNM
 -- Merging synop code into resampled stream
('TODO TEST', 3516)
Filling 804 gaps
mergeStreams: Did not find identical timesteps - linearily interpolating stream b...
- Please note: this method needs considerably longer.
- Only data within 1/2 the sampling rate distance of stream_a timesteps is used.
- Put in the larger (higher resolution) stream as stream_a,
- otherwise you might wait an endless amount of time.
  a) starting interpolation of stream_b
     -> needed 0:00:00.014113
  b) getting indicies of stream_a with stream_b values in the vicinity
     -> finished 0.995600833526 percent
     -> finished 10.9979161843 percent
     -> finished 20.9770780273 percent
     -> finished 30.9793933781 percent
     -> finished 40.9817087289 percent
     -> finished 50.9840240796 percent
     -> finished 60.9863394304 percent
     -> finished 70.9886547812 percent
     -> finished 80.990970132 percent
     -> finished 90.9932854828 percent
     -> needed 0:00:00.077019
  c) extracting interpolated values of stream_b
mergeStreams: warning when assigning header values to column var4- missing head
     -> needed 0:00:00.098394 for var4
-----------------------
 2. SOURCE ULTRASONIC
-----------------------
ULTRA - reading available data sets and apply existing flags ...
 -- Dealing with ULTRASONICDSP_0011006092_0001_0001
readDB: Read rows: 4320
(' -- Got data with range:', (datetime.datetime(2020, 5, 23, 15, 30, 22, 769855), datetime.datetime(2020, 5, 26, 15, 29, 37, 451393)))
 -- Getting existing flags ...
 -- Found existing flags: 0
-----------------/home/cobs/anaconda2/lib/python2.7/site-packages/magpy/stream.py:4614: RuntimeWarning: invalid value encountered in less
  truefalse = trimmedstream.ndarray[ind] < below
/home/cobs/anaconda2/lib/python2.7/site-packages/magpy/stream.py:4589: RuntimeWarning: invalid value encountered in greater
  trueindicies = trimmedstream.ndarray[ind] > above
------
 3. SOURCE BM35
-----------------------
BM35 - reading available data sets and apply existing flags ...
readDB: Read rows: 520601
(' -- Got data with range:', (datetime.datetime(2020, 5, 23, 15, 30, 10, 143440), datetime.datetime(2020, 5, 26, 15, 30, 9, 694961)))
 -- Getting existing flags ...
 -- Found existing flags: 23
  -- Writing flags  for sensors BM35_029_0001 to DB
('  -- New flags:', 0)
-----------------------
 4. SOURCE RCST7
-----------------------
RCST7 - reading available data sets and apply existing flags ...
readDB: Read rows: 96780
readDB: Found identical values only:f
readDB: Found identical values only:flag
readDB: Found identical values only:typ
 -- Got data ranging from 2020-05-23 15:30:11 to 2020-05-25 23:59:59
 -- Getting existing flags for RCST7_20160114_0001 ...
 -- Found 6 flags for given time range
 -- Cleanup snow height measurement - outlier
-------------------------
Dealing with key: x
 --> Size of flaglist now 0
 -- Cleanup rain measurement
 --> flagging of service switch rain bucket failed
 --> Size of flaglist now 0
 -- Cleanup temperature measurement
-------------------------
Dealing with key: y
 --> Size of flaglist now 0
 -- Cleanup pressure measurement
 --> Size of flaglist now 0
 -- Cleanup humidity measurement
 --> Size of flaglist now 0
 -- Found new flags: 0
 -- Getting again existing flags for RCST7_20160114_0001 ...
##########################################
           Flaglist statistics            
##########################################

A) Total contents: 6

B) Content for each ID:
Dataset: RCST7_20160114_0001 	 Amount: 6
   pressure exceeding value range : 6

 -- Found now 6 flags for given time range
Test plot with all flags removed
 -- Determine average rain
 -- Filter all RCS data columns to 1 min
-----------------------
 5. SOURCE METEO from FP77
-----------------------
readDB: Read rows: 4297
readDB: Found identical values only:var5
(' -- Got data with range:', (datetime.datetime(2020, 5, 23, 15, 31), datetime.datetime(2020, 5, 26, 15, 7)))
 -- Found existing flags: 0
-------------------------
Dealing with key: f
-------------------------
Dealing with key: z
 -- Cleanup pressure measurement
 -- Cleanup humidity measurement
 -- Determine average rain
Data contents:
('Length LNM:', 4319, (datetime.datetime(2020, 5, 23, 15, 31), datetime.datetime(2020, 5, 26, 15, 29)))
('Length Ultra:', 4319, (datetime.datetime(2020, 5, 23, 15, 31), datetime.datetime(2020, 5, 26, 15, 29)))
('Length RCS:', 3389, (datetime.datetime(2020, 5, 23, 15, 31), datetime.datetime(2020, 5, 25, 23, 59)))
('Length METEO:', 4297, (datetime.datetime(2020, 5, 23, 15, 31), datetime.datetime(2020, 5, 26, 15, 7)))
('Length BM35:', 4320, (datetime.datetime(2020, 5, 23, 15, 31), datetime.datetime(2020, 5, 26, 15, 30)))
-----------------------
 6. checking rain values
-----------------------
Compare rain data from bucket and LNM
(datetime.datetime(2020, 5, 23, 15, 31), datetime.datetime(2020, 5, 26, 15, 29))
(datetime.datetime(2020, 5, 23, 15, 31), datetime.datetime(2020, 5, 25, 23, 59))
('Rain t7 and lnm', array([ 0.   ,  0.   ,  0.   , ...,  0.502,  0.502,  0.502]), array([ 0.  ,  0.  ,  0.  , ...,  0.39,  0.39,  0.39]), 2596.0223506776165, 2643.4266278177211)
(0.018260350157513497, 0.3)
-----------------------
 7. REORDER data file
-----------------------
-----------------------
 8. CREATING combined one minute data file
-----------------------
Merging meteo and rcs data
Replacing meteo data with raw data from rcs
Merge: Endtime of stream_b too small
Filling 907 gaps
mergeStreams: Found identical timesteps - using simple merge
 -> new range:  (datetime.datetime(2020, 5, 23, 15, 31), datetime.datetime(2020, 5, 26, 15, 7))
Merging lnm data
mergeStreams: Found identical timesteps - using simple merge
 -> new range:  (datetime.datetime(2020, 5, 23, 15, 31), datetime.datetime(2020, 5, 26, 15, 29))
Merging ultrasonic data
mergeStreams: Found identical timesteps - using simple merge
Merging bm35 data
mergeStreams: Found identical timesteps - using simple merge
DONE --------------
!!!!!!!!!!!!!!!!!!!!!!!!!!/home/cobs/ANALYSIS/DataProducts/current_weather.py:1156: RuntimeWarning: invalid value encountered in greater_equal
  axarr[1].fill_between(t,0,y3,where=y3>=0,facecolor='gray',alpha=0.5)
/home/cobs/ANALYSIS/DataProducts/current_weather.py:1171: RuntimeWarning: invalid value encountered in greater_equal
  axarr[2].fill_between(t,0,y7,where=y7>=0,facecolor='gray',alpha=0.5)
!!!!!!!!!!!!!!!!!!!!!!!!!!!!!!!!!!!!!!!!!!!!
 Writing results to database, group services
METEO_adjusted written to DB
Part 2 - table contents - started at 2020-05-26 15:30:10.049528
-------------------------------------------------
('Coverage:', (datetime.datetime(2020, 5, 23, 15, 31), datetime.datetime(2020, 5, 26, 15, 29)))
(31, 0.30299999999999994)
('Assigning values', 0, u'y', 0.0)
(31, 0.68562599999999996)
('Assigning values', 1, u'z', 0.44529600000000003)
(31, 6.4290000000000003)
('Assigning values', 2, u'f', 8.5)
(31, 95.963999999999999)
('Assigning values', 3, u't1', 95.932000000000002)
(31, 99999.0)
('Assigning values', 4, u't2', 99999.0)
(31, 0.57551518093654974)
('Assigning values', 5, u'var1', 0.97389253553493971)
(31, 290.39574448323538)
('Assigning values', 6, u'var2', 253.71793504582229)
(31, 0.0)
('Assigning values', 7, u'var4', 0.0)
(31, 909.15744088245992)
('Assigning values', 8, u'var5', 909.22419037894952)
('Got old', None)
step 2 failed
Part 3 - short term weather plot - started at 2020-05-26 15:30:10.049528
-------------------------------------------------
(2878, 2878, 2878, 2878, 2878)
Step 3 failed
Part 4 - long term weather plot - started at 2020-05-26 15:30:10.049528
-------------------------------------------------
Please note: long term plot only generated from cron or root
('Long term plot', [13796, 0, 13796, 13796, 13796, 13796, 13796, 13796, 13796, 0, 13796, 13796, 0, 0, 0, 0, 0, 13796, 0, 0, 0, 0, 0, 0], datetime.datetime(2020, 5, 26, 15, 30, 10, 49528), datetime.datetime(2019, 5, 28, 15, 30, 10, 49528))
float64
float64
('LongTerm Parameter', 13796, 13796, 13796, 13796, 13796)
Max values redefined
Step 4 failed
Part 5 - Save meteo data on Broker - started at 2020-05-26 15:30:10.049528
-------------------------------------------------
 -- Uploading table to database on internal ZAMG broker:
    Tablename: DataID
Step 5: connected to broker
Script weather analysis finished at 2020-05-26 15:31:54.190320
-------------------------------------
Logfile /var/log/magpy/mm-dp-weather.log loaded
Existing: SAGITTARIUS-DataProducts-weather-5a
Existing: SAGITTARIUS-DataProducts-weather-5b
Existing: SAGITTARIUS-DataProducts-weather-2
Existing: SAGITTARIUS-DataProducts-weather-3
Existing: SAGITTARIUS-DataProducts-weather-1e
Existing: SAGITTARIUS-DataProducts-weather-1d
Existing: SAGITTARIUS-DataProducts-weather-1g
Existing: SAGITTARIUS-DataProducts-weather-1f
Existing: SAGITTARIUS-DataProducts-weather-1a
Existing: SAGITTARIUS-DataProducts-weather-4
Existing: SAGITTARIUS-DataProducts-weather-1c
Existing: SAGITTARIUS-DataProducts-weather-1b
Existing: SAGITTARIUS-DataProducts-weather-1h
Getuser: Running from crontab -- trying Logname to identify user
Getuser: ... succes - using cobs
Accessing credential file: /home/cobs/.magpycred
Connecting to primary MARCOS...
<pymysql.connections.Connection object at 0x7f87244245d0>
Getuser: Running from crontab -- trying Logname to identify user
Getuser: ... succes - using cobs
Accessing credential file: /home/cobs/.magpycred
Getuser: Running from crontab -- trying Logname to identify user
Getuser: ... succes - using cobs
Accessing credential file: /home/cobs/.magpycred
Getuser: Running from crontab -- trying Logname to identify user
Getuser: ... succes - using cobs
Accessing credential file: /home/cobs/.magpycred
Getuser: Running from crontab -- trying Logname to identify user
Getuser: ... succes - using cobs
Accessing credential file: /home/cobs/.magpycred
-----------------------------------
Part1 needs 0:00:00.000875
-----------------------------------
-----------------------------------
PART 2:
Reading SCA Gamma data...
*cmd* 'USER trmsoe@www.zamg.ac.at'
*resp* '331 Password required for trmsoe.'
*cmd* 'PASS *********'
*cmd* 'USER trmsoe@www.zamg.ac.at'
*resp* '331 Password required for trmsoe.'
*cmd* 'PASS *********'
*resp* "230-- PASS for trmsoe@www.zamg.ac.at.\n 220- zagsvl24.zamg.ac.at PROXY-FTP server (DeleGate/9.9.13) ready.\n 220-   @ @\n 220-  ( - ) { DeleGate/9.9.13 (October 31, 2014) }\n 220- AIST-Product-ID: 2000-ETL-198715-01, H14PRO-049, H15PRO-165, H18PRO-443\n 220- Copyright (c) 1994-2000 Yutaka Sato and ETL,AIST,MITI\n 220- Copyright (c) 2001-2014 National Institute of Advanced Industrial Science and Technology (AIST)\n 220- WWW: http://www.delegate.org/delegate/\n 220- --\n 220- You can connect to a SERVER by `user' command:\n 220-    ftp> user username@SERVER\n 220- or by `cd' command (after logged in as an anonymous user):\n 220-    ftp> cd //SERVER\n 220- Cache is enabled by default and can be disabled by `cd .' (toggle)\n 220- This (proxy) service is maintained by 'Nikolaus.horn@zamg.ac.at'\n 220- \n 220-extended FTP [MODE XDC][XDC/BASE64]\n 220  \n 331 Password required for trmsoe.\n230-- PASS for trmsoe@www.zamg.ac.at.\n 220 ProFTPD 1.3.5 Server ready.\n 331 Password required for trmsoe\n230- User trmsoe logged in\n230--  @ @  \n230-  \\( - )/ -- { connected to `www.zamg.ac.at' }\n230--  @ @  \n230  \\( - )/ -- { connected to `www.zamg.ac.at' (via FTP-Proxy) }"
*cmd* 'CWD /data/radon/'
*resp* "230-- PASS for trmsoe@www.zamg.ac.at.\n 220- zagsvl24.zamg.ac.at PROXY-FTP server (DeleGate/9.9.13) ready.\n 220-   @ @\n 220-  ( - ) { DeleGate/9.9.13 (October 31, 2014) }\n 220- AIST-Product-ID: 2000-ETL-198715-01, H14PRO-049, H15PRO-165, H18PRO-443\n 220- Copyright (c) 1994-2000 Yutaka Sato and ETL,AIST,MITI\n 220- Copyright (c) 2001-2014 National Institute of Advanced Industrial Science and Technology (AIST)\n 220- WWW: http://www.delegate.org/delegate/\n 220- --\n 220- You can connect to a SERVER by `user' command:\n 220-    ftp> user username@SERVER\n 220- or by `cd' command (after logged in as an anonymous user):\n 220-    ftp> cd //SERVER\n 220- Cache is enabled by default and can be disabled by `cd .' (toggle)\n 220- This (proxy) service is maintained by 'Nikolaus.horn@zamg.ac.at'\n 220- \n 220-extended FTP [MODE XDC][XDC/BASE64]\n 220  \n 331 Password required for trmsoe.\n230-- PASS for trmsoe@www.zamg.ac.at.\n 220 ProFTPD 1.3.5 Server ready.\n 331 Password required for trmsoe\n230- User trmsoe logged in\n230--  @ @  \n230-  \\( - )/ -- { connected to `www.zamg.ac.at' }\n230--  @ @  \n230  \\( - )/ -- { connected to `www.zamg.ac.at' (via FTP-Proxy) }"
*cmd* 'CWD /data/radon/'
*resp* '250 CWD command successful'
*cmd* 'DELE COBSEXP_2_2020-05-26.txt'
*resp* '250 CWD command successful'
*cmd* 'DELE COBSEXP_2_2020-05-25.txt'
*resp* '250 DELE command successful'
*resp* '250 DELE command successful'
*cmd* 'TYPE I'
*cmd* 'TYPE I'
*resp**resp* '200 Type set to I'
*cmd* 'PASV'
 '200 Type set to I'
*cmd* 'PASV'
*resp* '227 Entering Passive Mode (138,22,188,129,139,44).'
*cmd* u'STOR COBSEXP_2_2020-05-25.txt'
*resp* '227 Entering Passive Mode (138,22,188,129,182,212).'
*cmd* u'STOR COBSEXP_2_2020-05-26.txt'
*resp* '150 Opening BINARY mode data connection for COBSEXP_2_2020-05-26.txt'
*resp* '150 Opening BINARY mode data connection for COBSEXP_2_2020-05-25.txt'
*resp* '226 Transfer complete'
*cmd* 'QUIT'
*resp* '221 Goodbye.'
*resp* '226 Transfer complete'
*cmd* 'QUIT'
*resp* '221 Goodbye.'
[ array([737564.0, 737564.0006944444, 737564.0013888889, ...,
       737571.6229166667, 737571.6236111111, 737571.6243055556], dtype=object)
 array([23956.0, 23709.0, 23660.0, ..., 16391.0, 16266.0, 16302.0], dtype=object)
 array([], dtype=object) array([], dtype=object) array([], dtype=object)
 array([6.809, 6.809, 6.809, ..., 6.809, 6.809, 6.809], dtype=object)
 array([], dtype=object)
 array([11.87, 11.87, 11.87, ..., 11.87, 11.87, 11.87], dtype=object)
 array([], dtype=object) array([], dtype=object) array([], dtype=object)
 array([], dtype=object) array([], dtype=object) array([], dtype=object)
 array([], dtype=object) array([], dtype=object) array([], dtype=object)
 array([], dtype=object) array([], dtype=object) array([], dtype=object)
 array([], dtype=object) array([], dtype=object) array([], dtype=object)
 array([], dtype=object)]
-----------------------------------
PART 4:
Loading and filetering RCSG0temp data
RCS: found data from Richards Perl script
RCS: found data from Richards Perl script
RCS: found data from Richards Perl script
RCS: found data from Richards Perl script
RCS: found data from Richards Perl script
RCS: found data from Richards Perl script
RCS: found data from Richards Perl script
Logfile /var/log/magpy/mm-dp-scaradon.log loaded
Existing: SAGITTARIUS-DataProducts-SCAradon
Getuser: Running from crontab -- trying Logname to identify user
Getuser: ... succes - using cobs
Accessing credential file: /home/cobs/.magpycred
Connecting to primary MARCOS...
<pymysql.connections.Connection object at 0x7fe12428f050>
Getuser: Running from crontab -- trying Logname to identify user
Getuser: ... succes - using cobs
Accessing credential file: /home/cobs/.magpycred
Getuser: Running from crontab -- trying Logname to identify user
Getuser: ... succes - using cobs
Accessing credential file: /home/cobs/.magpycred
Getuser: Running from crontab -- trying Logname to identify user
Getuser: ... succes - using cobs
Accessing credential file: /home/cobs/.magpycred
Getuser: Running from crontab -- trying Logname to identify user
Getuser: ... succes - using cobs
Accessing credential file: /home/cobs/.magpycred
-----------------------------------
Part1 needs 0:00:00.000716
-----------------------------------
Logfile /var/log/magpy/mm-dp-rcsupload.log loaded
Existing: SAGITTARIUS-DataProducts-RCSupload
*cmd* 'USER trmsoe@www.zamg.ac.at'
*resp* '331 Password required for trmsoe.'
*cmd* 'PASS *********'
*cmd* 'USER trmsoe@www.zamg.ac.at'
*resp* '331 Password required for trmsoe.'
*cmd* 'PASS *********'
*cmd* 'USER trmsoe@www.zamg.ac.at'
*resp* '331 Password required for trmsoe.'
*cmd* 'PASS *********'
*cmd* 'USER trmsoe@www.zamg.ac.at'
*resp* '331 Password required for trmsoe.'
*cmd* 'PASS *********'
*resp* "230-- PASS for trmsoe@www.zamg.ac.at.\n 220- zagsvl24.zamg.ac.at PROXY-FTP server (DeleGate/9.9.13) ready.\n 220-   @ @\n 220-  ( - ) { DeleGate/9.9.13 (October 31, 2014) }\n 220- AIST-Product-ID: 2000-ETL-198715-01, H14PRO-049, H15PRO-165, H18PRO-443\n 220- Copyright (c) 1994-2000 Yutaka Sato and ETL,AIST,MITI\n 220- Copyright (c) 2001-2014 National Institute of Advanced Industrial Science and Technology (AIST)\n 220- WWW: http://www.delegate.org/delegate/\n 220- --\n 220- You can connect to a SERVER by `user' command:\n 220-    ftp> user username@SERVER\n 220- or by `cd' command (after logged in as an anonymous user):\n 220-    ftp> cd //SERVER\n 220- Cache is enabled by default and can be disabled by `cd .' (toggle)\n 220- This (proxy) service is maintained by 'Nikolaus.horn@zamg.ac.at'\n 220- \n 220-extended FTP [MODE XDC][XDC/BASE64]\n 220  \n 331 Password required for trmsoe.\n230-- PASS for trmsoe@www.zamg.ac.at.\n 220 ProFTPD 1.3.5 Server ready.\n 331 Password required for trmsoe\n230- User trmsoe logged in\n230--  @ @  \n230-  \\( - )/ -- { connected to `www.zamg.ac.at' }\n230--  @ @  \n230  \\( - )/ -- { connected to `www.zamg.ac.at' (via FTP-Proxy) }"
*cmd* 'CWD /data/environment/sgo'
*resp* "230-- PASS for trmsoe@www.zamg.ac.at.\n 220- zagsvl24.zamg.ac.at PROXY-FTP server (DeleGate/9.9.13) ready.\n 220-   @ @\n 220-  ( - ) { DeleGate/9.9.13 (October 31, 2014) }\n 220- AIST-Product-ID: 2000-ETL-198715-01, H14PRO-049, H15PRO-165, H18PRO-443\n 220- Copyright (c) 1994-2000 Yutaka Sato and ETL,AIST,MITI\n 220- Copyright (c) 2001-2014 National Institute of Advanced Industrial Science and Technology (AIST)\n 220- WWW: http://www.delegate.org/delegate/\n 220- --\n 220- You can connect to a SERVER by `user' command:\n 220-    ftp> user username@SERVER\n 220- or by `cd' command (after logged in as an anonymous user):\n 220-    ftp> cd //SERVER\n 220- Cache is enabled by default and can be disabled by `cd .' (toggle)\n 220- This (proxy) service is maintained by 'Nikolaus.horn@zamg.ac.at'\n 220- \n 220-extended FTP [MODE XDC][XDC/BASE64]\n 220  \n 331 Password required for trmsoe.\n230-- PASS for trmsoe@www.zamg.ac.at.\n 220 ProFTPD 1.3.5 Server ready.\n 331 Password required for trmsoe\n230- User trmsoe logged in\n230--  @ @  \n230-  \\( - )/ -- { connected to `www.zamg.ac.at' }\n230--  @ @  \n230  \\( - )/ -- { connected to `www.zamg.ac.at' (via FTP-Proxy) }"
*cmd* 'CWD /data/environment/sgo'
*resp* "230-- PASS for trmsoe@www.zamg.ac.at.\n 220- zagsvl24.zamg.ac.at PROXY-FTP server (DeleGate/9.9.13) ready.\n 220-   @ @\n 220-  ( - ) { DeleGate/9.9.13 (October 31, 2014) }\n 220- AIST-Product-ID: 2000-ETL-198715-01, H14PRO-049, H15PRO-165, H18PRO-443\n 220- Copyright (c) 1994-2000 Yutaka Sato and ETL,AIST,MITI\n 220- Copyright (c) 2001-2014 National Institute of Advanced Industrial Science and Technology (AIST)\n 220- WWW: http://www.delegate.org/delegate/\n 220- --\n 220- You can connect to a SERVER by `user' command:\n 220-    ftp> user username@SERVER\n 220- or by `cd' command (after logged in as an anonymous user):\n 220-    ftp> cd //SERVER\n 220- Cache is enabled by default and can be disabled by `cd .' (toggle)\n 220- This (proxy) service is maintained by 'Nikolaus.horn@zamg.ac.at'\n 220- \n 220-extended FTP [MODE XDC][XDC/BASE64]\n 220  \n 331 Password required for trmsoe.\n230-- PASS for trmsoe@www.zamg.ac.at.\n 220 ProFTPD 1.3.5 Server ready.\n 331 Password required for trmsoe\n230- User trmsoe logged in\n230--  @ @  \n230-  \\( - )/ -- { connected to `www.zamg.ac.at' }\n230--  @ @  \n230  \\( - )/ -- { connected to `www.zamg.ac.at' (via FTP-Proxy) }"
*cmd* 'CWD /data/environment/sgo'
*resp* "230-- PASS for trmsoe@www.zamg.ac.at.\n 220- zagsvl24.zamg.ac.at PROXY-FTP server (DeleGate/9.9.13) ready.\n 220-   @ @\n 220-  ( - ) { DeleGate/9.9.13 (October 31, 2014) }\n 220- AIST-Product-ID: 2000-ETL-198715-01, H14PRO-049, H15PRO-165, H18PRO-443\n 220- Copyright (c) 1994-2000 Yutaka Sato and ETL,AIST,MITI\n 220- Copyright (c) 2001-2014 National Institute of Advanced Industrial Science and Technology (AIST)\n 220- WWW: http://www.delegate.org/delegate/\n 220- --\n 220- You can connect to a SERVER by `user' command:\n 220-    ftp> user username@SERVER\n 220- or by `cd' command (after logged in as an anonymous user):\n 220-    ftp> cd //SERVER\n 220- Cache is enabled by default and can be disabled by `cd .' (toggle)\n 220- This (proxy) service is maintained by 'Nikolaus.horn@zamg.ac.at'\n 220- \n 220-extended FTP [MODE XDC][XDC/BASE64]\n 220  \n 331 Password required for trmsoe.\n230-- PASS for trmsoe@www.zamg.ac.at.\n 220 ProFTPD 1.3.5 Server ready.\n 331 Password required for trmsoe\n230- User trmsoe logged in\n230--  @ @  \n230-  \\( - )/ -- { connected to `www.zamg.ac.at' }\n230--  @ @  \n230  \\( - )/ -- { connected to `www.zamg.ac.at' (via FTP-Proxy) }"
*cmd* 'CWD /data/environment/sgo'
*resp* '250 CWD command successful'
*cmd* 'DELE RCS-G0anw-2020-05-26_00-00-00.txt'
*resp* '250 CWD command successful'
*cmd* 'DELE RCS-T7-2020-05-25_00-00-00.txt'
*resp* '250 CWD command successful'
*cmd* 'DELE RCS-T7-2020-05-26_00-00-00.txt'
*resp* '250 CWD command successful'
*cmd* 'DELE RCS-G0anw-2020-05-25_00-00-00.txt'
*resp* '550 RCS-G0anw-2020-05-26_00-00-00.txt: No such file or directory'
*resp* '250 DELE command successful'
*resp* '550 RCS-T7-2020-05-26_00-00-00.txt: No such file or directory'
*cmd* 'TYPE I'
*resp* '250 DELE command successful'
*cmd* 'TYPE I'
*resp* '200 Type set to I'
*cmd* 'PASV'
*resp* '200 Type set to I'
*cmd* 'PASV'
*resp* '227 Entering Passive Mode (138,22,188,129,179,80).'
*resp* '227 Entering Passive Mode (138,22,188,129,153,167).'
*cmd* u'STOR RCS-T7-2020-05-25_00-00-00.txt'
*cmd* u'STOR RCS-G0anw-2020-05-25_00-00-00.txt'
*resp* '150 Opening BINARY mode data connection for RCS-T7-2020-05-25_00-00-00.txt'
*resp* '150 Opening BINARY mode data connection for RCS-G0anw-2020-05-25_00-00-00.txt'
*resp* '226 Transfer complete'
*cmd* 'QUIT'
*resp* '221 Goodbye.'
*resp* '226 Transfer complete'
*cmd* 'QUIT'
*resp* '221 Goodbye.'
Using TensorFlow backend.
Basemap is not installed. No map plotting support!
Cannot import osgeo. Some functions won't work!
osgeo not installed. No country object support.
Basemap is not installed. No map plotting support!
No netCDF4 support.
Scipy coherence function not available.
Attempting to connect to database...
Getuser: Running from crontab -- trying Logname to identify user
Getuser: ... succes - using cobs
Accessing credential file: /home/cobs/.magpycred
Getuser: Running from crontab -- trying Logname to identify user
Getuser: ... succes - using cobs
Accessing credential file: /home/cobs/.magpycred
Getuser: Running from crontab -- trying Logname to identify user
Getuser: ... succes - using cobs
Accessing credential file: /home/cobs/.magpycred
Getuser: Running from crontab -- trying Logname to identify user
Getuser: ... succes - using cobs
Accessing credential file: /home/cobs/.magpycred
Connecting to cobsdb, (cobs,138.22.188.195)!
Done
('Version', 'v0.3.97')
readDB: Read rows: 560237
Traceback (most recent call last):
  File "src/gic_dailyplot.py", line 160, in <module>
    data_OUT = prepare_output_dataset(starttime, endtime, MAG_stream=magdata, returntime=True)
TypeError: prepare_output_dataset() got an unexpected keyword argument 'MAG_stream'
Tue May 26 15:34:36 UTC 2020
